<?xml version="1.0" encoding="utf-8"?>
<test-run id="2" testcasecount="85" result="Failed(Child)" total="85" passed="43" failed="42" inconclusive="0" skipped="0" asserts="0" engine-version="3.5.0.0" clr-version="4.0.30319.42000" start-time="2026-07-03 12:45:57Z" end-time="2026-07-03 12:46:45Z" duration="47,3299377">
  <test-suite type="TestSuite" id="1101" name="Pixel-Flow-Clone" fullname="Pixel-Flow-Clone" runstate="Runnable" testcasecount="85" result="Failed" site="Child" start-time="2026-07-03 12:45:57Z" end-time="2026-07-03 12:46:45Z" duration="47.329938" total="85" passed="43" failed="42" inconclusive="0" skipped="0" asserts="0">
    <properties>
      <property name="platform" value="PlayMode" />
    </properties>
    <failure>
      <message><![CDATA[One or more child tests had errors]]></message>
    </failure>
    <test-suite type="Assembly" id="1078" name="PixelFlow.dll" fullname="C:/Users/wwwla/Documents/Github/Pixel-Flow-Clone/Library/ScriptAssemblies/PixelFlow.dll" runstate="Runnable" testcasecount="74" result="Failed" site="Child" start-time="2026-07-03 12:45:57Z" end-time="2026-07-03 12:46:44Z" duration="47.252489" total="74" passed="41" failed="33" inconclusive="0" skipped="0" asserts="0">
      <properties>
        <property name="_PID" value="18088" />
        <property name="_APPDOMAIN" value="Unity Child Domain" />
        <property name="platform" value="PlayMode" />
        <property name="EditorOnly" value="False" />
      </properties>
      <failure>
        <message><![CDATA[One or more child tests had errors]]></message>
      </failure>
      <test-suite type="TestSuite" id="1079" name="PixelFlow" fullname="PixelFlow" runstate="Runnable" testcasecount="74" result="Failed" site="Child" start-time="2026-07-03 12:45:57Z" end-time="2026-07-03 12:46:44Z" duration="47.249903" total="74" passed="41" failed="33" inconclusive="0" skipped="0" asserts="0">
        <properties />
        <failure>
          <message><![CDATA[One or more child tests had errors]]></message>
        </failure>
        <test-suite type="TestSuite" id="1080" name="Editor" fullname="PixelFlow.Editor" runstate="Runnable" testcasecount="74" result="Failed" site="Child" start-time="2026-07-03 12:45:57Z" end-time="2026-07-03 12:46:44Z" duration="47.248017" total="74" passed="41" failed="33" inconclusive="0" skipped="0" asserts="0">
          <properties />
          <failure>
            <message><![CDATA[One or more child tests had errors]]></message>
          </failure>
          <test-suite type="TestSuite" id="1081" name="Tests" fullname="PixelFlow.Editor.Tests" runstate="Runnable" testcasecount="74" result="Failed" site="Child" start-time="2026-07-03 12:45:57Z" end-time="2026-07-03 12:46:44Z" duration="47.245995" total="74" passed="41" failed="33" inconclusive="0" skipped="0" asserts="0">
            <properties />
            <failure>
              <message><![CDATA[One or more child tests had errors]]></message>
            </failure>
            <test-suite type="TestFixture" id="1002" name="Phase2AndAccessibilityTests" fullname="PixelFlow.Editor.Tests.Phase2AndAccessibilityTests" classname="PixelFlow.Editor.Tests.Phase2AndAccessibilityTests" runstate="Runnable" testcasecount="12" result="Passed" start-time="2026-07-03 12:45:57Z" end-time="2026-07-03 12:46:41Z" duration="43.576410" total="12" passed="12" failed="0" inconclusive="0" skipped="0" asserts="0">
              <properties />
              <test-case id="1013" name="ColorBlindPalette_NoneMode_ReturnsStandard" fullname="PixelFlow.Editor.Tests.Phase2AndAccessibilityTests.ColorBlindPalette_NoneMode_ReturnsStandard" methodname="ColorBlindPalette_NoneMode_ReturnsStandard" classname="PixelFlow.Editor.Tests.Phase2AndAccessibilityTests" runstate="Runnable" seed="2064733531" result="Passed" start-time="2026-07-03 12:45:57Z" end-time="2026-07-03 12:45:57Z" duration="0.030393" asserts="0">
                <properties>
                  <property name="retryIteration" value="0" />
                  <property name="repeatIteration" value="0" />
                </properties>
              </test-case>
              <test-case id="1012" name="ColorBlindPalette_Remap_ReturnsDifferentColorsForModes" fullname="PixelFlow.Editor.Tests.Phase2AndAccessibilityTests.ColorBlindPalette_Remap_ReturnsDifferentColorsForModes" methodname="ColorBlindPalette_Remap_ReturnsDifferentColorsForModes" classname="PixelFlow.Editor.Tests.Phase2AndAccessibilityTests" runstate="Runnable" seed="1925181006" result="Passed" start-time="2026-07-03 12:45:57Z" end-time="2026-07-03 12:45:57Z" duration="0.001699" asserts="0">
                <properties>
                  <property name="retryIteration" value="0" />
                  <property name="repeatIteration" value="0" />
                </properties>
              </test-case>
              <test-case id="1007" name="GameSession_ApplySave_RestoresAllFields" fullname="PixelFlow.Editor.Tests.Phase2AndAccessibilityTests.GameSession_ApplySave_RestoresAllFields" methodname="GameSession_ApplySave_RestoresAllFields" classname="PixelFlow.Editor.Tests.Phase2AndAccessibilityTests" runstate="Runnable" seed="1651721139" result="Passed" start-time="2026-07-03 12:45:57Z" end-time="2026-07-03 12:45:57Z" duration="0.004535" asserts="0">
                <properties>
                  <property name="retryIteration" value="0" />
                  <property name="repeatIteration" value="0" />
                </properties>
              </test-case>
              <test-case id="1006" name="GameSession_MarkCrisisUndoUsed_DecrementsMaxViaducts" fullname="PixelFlow.Editor.Tests.Phase2AndAccessibilityTests.GameSession_MarkCrisisUndoUsed_DecrementsMaxViaducts" methodname="GameSession_MarkCrisisUndoUsed_DecrementsMaxViaducts" classname="PixelFlow.Editor.Tests.Phase2AndAccessibilityTests" runstate="Runnable" seed="1721581371" result="Passed" start-time="2026-07-03 12:45:57Z" end-time="2026-07-03 12:45:57Z" duration="0.000679" asserts="0">
                <properties>
                  <property name="retryIteration" value="0" />
                  <property name="repeatIteration" value="0" />
                </properties>
              </test-case>
              <test-case id="1003" name="GddColorPalette_HasExactly5Colors" fullname="PixelFlow.Editor.Tests.Phase2AndAccessibilityTests.GddColorPalette_HasExactly5Colors" methodname="GddColorPalette_HasExactly5Colors" classname="PixelFlow.Editor.Tests.Phase2AndAccessibilityTests" runstate="Runnable" seed="2048683116" result="Passed" start-time="2026-07-03 12:45:57Z" end-time="2026-07-03 12:45:57Z" duration="0.000491" asserts="0">
                <properties>
                  <property name="retryIteration" value="0" />
                  <property name="repeatIteration" value="0" />
                </properties>
              </test-case>
              <test-case id="1005" name="GridStateSerializer_SaveAndLoad_RestoresAllFields" fullname="PixelFlow.Editor.Tests.Phase2AndAccessibilityTests.GridStateSerializer_SaveAndLoad_RestoresAllFields" methodname="GridStateSerializer_SaveAndLoad_RestoresAllFields" classname="PixelFlow.Editor.Tests.Phase2AndAccessibilityTests" runstate="Runnable" seed="1714875184" result="Passed" start-time="2026-07-03 12:45:57Z" end-time="2026-07-03 12:45:57Z" duration="0.007521" asserts="0">
                <properties>
                  <property name="retryIteration" value="0" />
                  <property name="repeatIteration" value="0" />
                </properties>
              </test-case>
              <test-case id="1004" name="PhaseDefinition_GetPhaseForLevel_ReturnsCorrectPhase" fullname="PixelFlow.Editor.Tests.Phase2AndAccessibilityTests.PhaseDefinition_GetPhaseForLevel_ReturnsCorrectPhase" methodname="PhaseDefinition_GetPhaseForLevel_ReturnsCorrectPhase" classname="PixelFlow.Editor.Tests.Phase2AndAccessibilityTests" runstate="Runnable" seed="279686465" result="Passed" start-time="2026-07-03 12:45:57Z" end-time="2026-07-03 12:45:57Z" duration="0.000990" asserts="0">
                <properties>
                  <property name="retryIteration" value="0" />
                  <property name="repeatIteration" value="0" />
                </properties>
              </test-case>
              <test-case id="1008" name="ProceduralGenerator_SolutionFirst_AllPathsConnect" fullname="PixelFlow.Editor.Tests.Phase2AndAccessibilityTests.ProceduralGenerator_SolutionFirst_AllPathsConnect" methodname="ProceduralGenerator_SolutionFirst_AllPathsConnect" classname="PixelFlow.Editor.Tests.Phase2AndAccessibilityTests" runstate="Runnable" seed="1043874430" result="Passed" start-time="2026-07-03 12:45:57Z" end-time="2026-07-03 12:45:57Z" duration="0.013627" asserts="0">
                <properties>
                  <property name="retryIteration" value="0" />
                  <property name="repeatIteration" value="0" />
                </properties>
              </test-case>
              <test-case id="1009" name="ProceduralGenerator_WithBridges_GeneratesBridgeCount" fullname="PixelFlow.Editor.Tests.Phase2AndAccessibilityTests.ProceduralGenerator_WithBridges_GeneratesBridgeCount" methodname="ProceduralGenerator_WithBridges_GeneratesBridgeCount" classname="PixelFlow.Editor.Tests.Phase2AndAccessibilityTests" runstate="Runnable" seed="508098487" result="Passed" start-time="2026-07-03 12:45:57Z" end-time="2026-07-03 12:46:41Z" duration="43.496176" asserts="0">
                <properties>
                  <property name="retryIteration" value="0" />
                  <property name="repeatIteration" value="0" />
                </properties>
              </test-case>
              <test-case id="1010" name="SaveThrottler_ForceSave_WritesImmediately" fullname="PixelFlow.Editor.Tests.Phase2AndAccessibilityTests.SaveThrottler_ForceSave_WritesImmediately" methodname="SaveThrottler_ForceSave_WritesImmediately" classname="PixelFlow.Editor.Tests.Phase2AndAccessibilityTests" runstate="Runnable" seed="1831211194" result="Passed" start-time="2026-07-03 12:46:41Z" end-time="2026-07-03 12:46:41Z" duration="0.002241" asserts="0">
                <properties>
                  <property name="retryIteration" value="0" />
                  <property name="repeatIteration" value="0" />
                </properties>
              </test-case>
              <test-case id="1011" name="SettingsModel_HapticsDisabled_DefaultsToFalse" fullname="PixelFlow.Editor.Tests.Phase2AndAccessibilityTests.SettingsModel_HapticsDisabled_DefaultsToFalse" methodname="SettingsModel_HapticsDisabled_DefaultsToFalse" classname="PixelFlow.Editor.Tests.Phase2AndAccessibilityTests" runstate="Runnable" seed="1277659546" result="Passed" start-time="2026-07-03 12:46:41Z" end-time="2026-07-03 12:46:41Z" duration="0.001613" asserts="0">
                <properties>
                  <property name="retryIteration" value="0" />
                  <property name="repeatIteration" value="0" />
                </properties>
              </test-case>
              <test-case id="1014" name="TutorialDriver_MapLevelToStep_ReturnsExpectedStep" fullname="PixelFlow.Editor.Tests.Phase2AndAccessibilityTests.TutorialDriver_MapLevelToStep_ReturnsExpectedStep" methodname="TutorialDriver_MapLevelToStep_ReturnsExpectedStep" classname="PixelFlow.Editor.Tests.Phase2AndAccessibilityTests" runstate="Runnable" seed="198870693" result="Passed" start-time="2026-07-03 12:46:41Z" end-time="2026-07-03 12:46:41Z" duration="0.000377" asserts="0">
                <properties>
                  <property name="retryIteration" value="0" />
                  <property name="repeatIteration" value="0" />
                </properties>
              </test-case>
            </test-suite>
            <test-suite type="TestFixture" id="1015" name="PixelFlowGameLogicTests" fullname="PixelFlow.Editor.Tests.PixelFlowGameLogicTests" classname="PixelFlow.Editor.Tests.PixelFlowGameLogicTests" runstate="Runnable" testcasecount="62" result="Failed" site="Child" start-time="2026-07-03 12:46:41Z" end-time="2026-07-03 12:46:44Z" duration="3.665141" total="62" passed="29" failed="33" inconclusive="0" skipped="0" asserts="0">
              <properties />
              <failure>
                <message><![CDATA[One or more child tests had errors]]></message>
              </failure>
              <test-case id="1035" name="Architecture_Dependency_Test" fullname="PixelFlow.Editor.Tests.PixelFlowGameLogicTests.Architecture_Dependency_Test" methodname="Architecture_Dependency_Test" classname="PixelFlow.Editor.Tests.PixelFlowGameLogicTests" runstate="Runnable" seed="925187883" result="Passed" start-time="2026-07-03 12:46:41Z" end-time="2026-07-03 12:46:41Z" duration="0.009281" asserts="0">
                <properties>
                  <property name="retryIteration" value="0" />
                  <property name="repeatIteration" value="0" />
                </properties>
              </test-case>
              <test-case id="1054" name="Backtracking_ReverseDrag_ShortensPath" fullname="PixelFlow.Editor.Tests.PixelFlowGameLogicTests.Backtracking_ReverseDrag_ShortensPath" methodname="Backtracking_ReverseDrag_ShortensPath" classname="PixelFlow.Editor.Tests.PixelFlowGameLogicTests" runstate="Runnable" seed="1318171522" result="Failed" start-time="2026-07-03 12:46:41Z" end-time="2026-07-03 12:46:41Z" duration="0.041304" asserts="0">
                <properties>
                  <property name="retryIteration" value="0" />
                  <property name="repeatIteration" value="0" />
                </properties>
                <failure>
                  <message><![CDATA[Unhandled log message: '[Error] [Nexus] Command LoadLevelCommand failed: Dependency of type PixelFlow.Models.ITutorialModel is not registered.
  at Nexus.Core.NexusDI.Resolve (System.Type type) [0x00193] in .\GameContainer\Nexus\Packages\com.nexus.core\Runtime\Core\NexusDI.cs:348 
  at Nexus.Core.NexusDI.Inject (System.Object instance) [0x00089] in .\GameContainer\Nexus\Packages\com.nexus.core\Runtime\Core\NexusDI.cs:391 
  at Nexus.Core.NexusDI.Resolve (System.Type type) [0x00130] in .\GameContainer\Nexus\Packages\com.nexus.core\Runtime\Core\NexusDI.cs:324 
  at Nexus.Core.NexusDI.Inject (System.Object instance) [0x00089] in .\GameContainer\Nexus\Packages\com.nexus.core\Runtime\Core\NexusDI.cs:391 
  at Nexus.Core.NexusDI.Resolve (System.Type type) [0x00156] in .\GameContainer\Nexus\Packages\com.nexus.core\Runtime\Core\NexusDI.cs:330 
  at Nexus.Core.CommandPoolManager+<>c__DisplayClass5_0.<GetCommand>b__1 () [0x00000] in .\GameContainer\Nexus\Packages\com.nexus.core\Runtime\Core\CommandPool.cs:140 
  at Nexus.Core.CommandPool..ctor (System.Type commandType, System.Func`1[TResult] factory, System.Int32 initialSize, System.Int32 maxSize) [0x00036] in .\GameContainer\Nexus\Packages\com.nexus.core\Runtime\Core\CommandPool.cs:38 
  at Nexus.Core.CommandPoolManager.<GetCommand>b__5_0 (System.Type type) [0x00014] in .\GameContainer\Nexus\Packages\com.nexus.core\Runtime\Core\CommandPool.cs:140 
  at System.Collections.Concurrent.ConcurrentDictionary`2[TKey,TValue].GetOrAdd (TKey key, System.Func`2[T,TResult] valueFactory) [0x00034] in <816f70bc2a9c4332b0bd119906a8d40e>:0 
  at Nexus.Core.CommandPoolManager.GetCommand (System.Type commandType) [0x00000] in .\GameContainer\Nexus\Packages\com.nexus.core\Runtime\Core\CommandPool.cs:139 
  at Nexus.Core.SignalBus.ExecuteCommand[TSignal] (Nexus.Core.CommandHandlerInfo handler, TSignal signal) [0x0006d] in .\GameContainer\Nexus\Packages\com.nexus.core\Runtime\Core\SignalBus.cs:801 '. Use UnityEngine.TestTools.LogAssert.Expect]]></message>
                  <stack-trace><![CDATA[Nexus.Core.SignalBus:HandleCommandErrorWithDecision (System.Exception,System.Type,object,int&) (at ./GameContainer/Nexus/Packages/com.nexus.core/Runtime/Core/SignalBus.cs:1333)
Nexus.Core.SignalBus:ExecuteCommand<PixelFlow.Signals.LoadLevelSignal> (Nexus.Core.CommandHandlerInfo,PixelFlow.Signals.LoadLevelSignal) (at ./GameContainer/Nexus/Packages/com.nexus.core/Runtime/Core/SignalBus.cs:822)
Nexus.Core.SignalBus:FireInternal<PixelFlow.Signals.LoadLevelSignal> (PixelFlow.Signals.LoadLevelSignal,bool) (at ./GameContainer/Nexus/Packages/com.nexus.core/Runtime/Core/SignalBus.cs:559)
Nexus.Core.SignalBus:Fire<PixelFlow.Signals.LoadLevelSignal> (PixelFlow.Signals.LoadLevelSignal) (at ./GameContainer/Nexus/Packages/com.nexus.core/Runtime/Core/SignalBus.cs:301)
Nexus.Core.NexusTestContext:Dispatch<PixelFlow.Signals.LoadLevelSignal> (PixelFlow.Signals.LoadLevelSignal) (at ./GameContainer/Nexus/Packages/com.nexus.core/Runtime/Testing/NexusTestContext.cs:190)
PixelFlow.Editor.Tests.PixelFlowGameLogicTests:Backtracking_ReverseDrag_ShortensPath () (at Assets/Scripts/PixelFlow/Editor/Tests/PixelFlowGameLogicTests.cs:1242)
System.Reflection.MethodBase:Invoke (object,object[])
NUnit.Framework.Internal.Reflect:InvokeMethod (System.Reflection.MethodInfo,object,object[])
NUnit.Framework.Internal.MethodWrapper:Invoke (object,object[])
NUnit.Framework.Internal.Commands.TestMethodCommand:RunNonAsyncTestMethod (NUnit.Framework.Internal.ITestExecutionContext)
NUnit.Framework.Internal.Commands.TestMethodCommand:RunTestMethod (NUnit.Framework.Internal.ITestExecutionContext)
NUnit.Framework.Internal.Commands.TestMethodCommand:Execute (NUnit.Framework.Internal.ITestExecutionContext)
UnityEngine.SetupCoroutine:InvokeMoveNext (System.Collections.IEnumerator,intptr)

]]></stack-trace>
                </failure>
                <output><![CDATA[[Nexus] Command LoadLevelCommand failed: Dependency of type PixelFlow.Models.ITutorialModel is not registered.
  at Nexus.Core.NexusDI.Resolve (System.Type type) [0x00193] in .\GameContainer\Nexus\Packages\com.nexus.core\Runtime\Core\NexusDI.cs:348 
  at Nexus.Core.NexusDI.Inject (System.Object instance) [0x00089] in .\GameContainer\Nexus\Packages\com.nexus.core\Runtime\Core\NexusDI.cs:391 
  at Nexus.Core.NexusDI.Resolve (System.Type type) [0x00130] in .\GameContainer\Nexus\Packages\com.nexus.core\Runtime\Core\NexusDI.cs:324 
  at Nexus.Core.NexusDI.Inject (System.Object instance) [0x00089] in .\GameContainer\Nexus\Packages\com.nexus.core\Runtime\Core\NexusDI.cs:391 
  at Nexus.Core.NexusDI.Resolve (System.Type type) [0x00156] in .\GameContainer\Nexus\Packages\com.nexus.core\Runtime\Core\NexusDI.cs:330 
  at Nexus.Core.CommandPoolManager+<>c__DisplayClass5_0.<GetCommand>b__1 () [0x00000] in .\GameContainer\Nexus\Packages\com.nexus.core\Runtime\Core\CommandPool.cs:140 
  at Nexus.Core.CommandPool..ctor (System.Type commandType, System.Func`1[TResult] factory, System.Int32 initialSize, System.Int32 maxSize) [0x00036] in .\GameContainer\Nexus\Packages\com.nexus.core\Runtime\Core\CommandPool.cs:38 
  at Nexus.Core.CommandPoolManager.<GetCommand>b__5_0 (System.Type type) [0x00014] in .\GameContainer\Nexus\Packages\com.nexus.core\Runtime\Core\CommandPool.cs:140 
  at System.Collections.Concurrent.ConcurrentDictionary`2[TKey,TValue].GetOrAdd (TKey key, System.Func`2[T,TResult] valueFactory) [0x00034] in <816f70bc2a9c4332b0bd119906a8d40e>:0 
  at Nexus.Core.CommandPoolManager.GetCommand (System.Type commandType) [0x00000] in .\GameContainer\Nexus\Packages\com.nexus.core\Runtime\Core\CommandPool.cs:139 
  at Nexus.Core.SignalBus.ExecuteCommand[TSignal] (Nexus.Core.CommandHandlerInfo handler, TSignal signal) [0x0006d] in .\GameContainer\Nexus\Packages\com.nexus.core\Runtime\Core\SignalBus.cs:801 
[Nexus] Command LoadLevelCommand failed (attempt 1/3). Retrying...
Dependency of type PixelFlow.Models.ITutorialModel is not registered.
[LoadLevelCommand] Loading level:  (5x1)
[HapticService] Light
]]></output>
              </test-case>
              <test-case id="1040" name="BreakingPath_RemovesCellsFromPath" fullname="PixelFlow.Editor.Tests.PixelFlowGameLogicTests.BreakingPath_RemovesCellsFromPath" methodname="BreakingPath_RemovesCellsFromPath" classname="PixelFlow.Editor.Tests.PixelFlowGameLogicTests" runstate="Runnable" seed="898890148" result="Failed" start-time="2026-07-03 12:46:41Z" end-time="2026-07-03 12:46:41Z" duration="0.004932" asserts="0">
                <properties>
                  <property name="retryIteration" value="0" />
                  <property name="repeatIteration" value="0" />
                </properties>
                <failure>
                  <message><![CDATA[Unhandled log message: '[Error] [Nexus] Command LoadLevelCommand failed: Dependency of type PixelFlow.Models.ITutorialModel is not registered.
  at Nexus.Core.NexusDI.Resolve (System.Type type) [0x00193] in .\GameContainer\Nexus\Packages\com.nexus.core\Runtime\Core\NexusDI.cs:348 
  at Nexus.Core.NexusDI.Inject (System.Object instance) [0x00089] in .\GameContainer\Nexus\Packages\com.nexus.core\Runtime\Core\NexusDI.cs:391 
  at Nexus.Core.NexusDI.Resolve (System.Type type) [0x00130] in .\GameContainer\Nexus\Packages\com.nexus.core\Runtime\Core\NexusDI.cs:324 
  at Nexus.Core.NexusDI.Inject (System.Object instance) [0x00089] in .\GameContainer\Nexus\Packages\com.nexus.core\Runtime\Core\NexusDI.cs:391 
  at Nexus.Core.NexusDI.Resolve (System.Type type) [0x00156] in .\GameContainer\Nexus\Packages\com.nexus.core\Runtime\Core\NexusDI.cs:330 
  at Nexus.Core.CommandPoolManager+<>c__DisplayClass5_0.<GetCommand>b__1 () [0x00000] in .\GameContainer\Nexus\Packages\com.nexus.core\Runtime\Core\CommandPool.cs:140 
  at Nexus.Core.CommandPool..ctor (System.Type commandType, System.Func`1[TResult] factory, System.Int32 initialSize, System.Int32 maxSize) [0x00036] in .\GameContainer\Nexus\Packages\com.nexus.core\Runtime\Core\CommandPool.cs:38 
  at Nexus.Core.CommandPoolManager.<GetCommand>b__5_0 (System.Type type) [0x00014] in .\GameContainer\Nexus\Packages\com.nexus.core\Runtime\Core\CommandPool.cs:140 
  at System.Collections.Concurrent.ConcurrentDictionary`2[TKey,TValue].GetOrAdd (TKey key, System.Func`2[T,TResult] valueFactory) [0x00034] in <816f70bc2a9c4332b0bd119906a8d40e>:0 
  at Nexus.Core.CommandPoolManager.GetCommand (System.Type commandType) [0x00000] in .\GameContainer\Nexus\Packages\com.nexus.core\Runtime\Core\CommandPool.cs:139 
  at Nexus.Core.SignalBus.ExecuteCommand[TSignal] (Nexus.Core.CommandHandlerInfo handler, TSignal signal) [0x0006d] in .\GameContainer\Nexus\Packages\com.nexus.core\Runtime\Core\SignalBus.cs:801 '. Use UnityEngine.TestTools.LogAssert.Expect]]></message>
                  <stack-trace><![CDATA[Nexus.Core.SignalBus:HandleCommandErrorWithDecision (System.Exception,System.Type,object,int&) (at ./GameContainer/Nexus/Packages/com.nexus.core/Runtime/Core/SignalBus.cs:1333)
Nexus.Core.SignalBus:ExecuteCommand<PixelFlow.Signals.LoadLevelSignal> (Nexus.Core.CommandHandlerInfo,PixelFlow.Signals.LoadLevelSignal) (at ./GameContainer/Nexus/Packages/com.nexus.core/Runtime/Core/SignalBus.cs:822)
Nexus.Core.SignalBus:FireInternal<PixelFlow.Signals.LoadLevelSignal> (PixelFlow.Signals.LoadLevelSignal,bool) (at ./GameContainer/Nexus/Packages/com.nexus.core/Runtime/Core/SignalBus.cs:559)
Nexus.Core.SignalBus:Fire<PixelFlow.Signals.LoadLevelSignal> (PixelFlow.Signals.LoadLevelSignal) (at ./GameContainer/Nexus/Packages/com.nexus.core/Runtime/Core/SignalBus.cs:301)
Nexus.Core.NexusTestContext:Dispatch<PixelFlow.Signals.LoadLevelSignal> (PixelFlow.Signals.LoadLevelSignal) (at ./GameContainer/Nexus/Packages/com.nexus.core/Runtime/Testing/NexusTestContext.cs:190)
PixelFlow.Editor.Tests.PixelFlowGameLogicTests:BreakingPath_RemovesCellsFromPath () (at Assets/Scripts/PixelFlow/Editor/Tests/PixelFlowGameLogicTests.cs:874)
System.Reflection.MethodBase:Invoke (object,object[])
NUnit.Framework.Internal.Reflect:InvokeMethod (System.Reflection.MethodInfo,object,object[])
NUnit.Framework.Internal.MethodWrapper:Invoke (object,object[])
NUnit.Framework.Internal.Commands.TestMethodCommand:RunNonAsyncTestMethod (NUnit.Framework.Internal.ITestExecutionContext)
NUnit.Framework.Internal.Commands.TestMethodCommand:RunTestMethod (NUnit.Framework.Internal.ITestExecutionContext)
NUnit.Framework.Internal.Commands.TestMethodCommand:Execute (NUnit.Framework.Internal.ITestExecutionContext)
UnityEngine.SetupCoroutine:InvokeMoveNext (System.Collections.IEnumerator,intptr)

]]></stack-trace>
                </failure>
                <output><![CDATA[[Nexus] Command LoadLevelCommand failed: Dependency of type PixelFlow.Models.ITutorialModel is not registered.
  at Nexus.Core.NexusDI.Resolve (System.Type type) [0x00193] in .\GameContainer\Nexus\Packages\com.nexus.core\Runtime\Core\NexusDI.cs:348 
  at Nexus.Core.NexusDI.Inject (System.Object instance) [0x00089] in .\GameContainer\Nexus\Packages\com.nexus.core\Runtime\Core\NexusDI.cs:391 
  at Nexus.Core.NexusDI.Resolve (System.Type type) [0x00130] in .\GameContainer\Nexus\Packages\com.nexus.core\Runtime\Core\NexusDI.cs:324 
  at Nexus.Core.NexusDI.Inject (System.Object instance) [0x00089] in .\GameContainer\Nexus\Packages\com.nexus.core\Runtime\Core\NexusDI.cs:391 
  at Nexus.Core.NexusDI.Resolve (System.Type type) [0x00156] in .\GameContainer\Nexus\Packages\com.nexus.core\Runtime\Core\NexusDI.cs:330 
  at Nexus.Core.CommandPoolManager+<>c__DisplayClass5_0.<GetCommand>b__1 () [0x00000] in .\GameContainer\Nexus\Packages\com.nexus.core\Runtime\Core\CommandPool.cs:140 
  at Nexus.Core.CommandPool..ctor (System.Type commandType, System.Func`1[TResult] factory, System.Int32 initialSize, System.Int32 maxSize) [0x00036] in .\GameContainer\Nexus\Packages\com.nexus.core\Runtime\Core\CommandPool.cs:38 
  at Nexus.Core.CommandPoolManager.<GetCommand>b__5_0 (System.Type type) [0x00014] in .\GameContainer\Nexus\Packages\com.nexus.core\Runtime\Core\CommandPool.cs:140 
  at System.Collections.Concurrent.ConcurrentDictionary`2[TKey,TValue].GetOrAdd (TKey key, System.Func`2[T,TResult] valueFactory) [0x00034] in <816f70bc2a9c4332b0bd119906a8d40e>:0 
  at Nexus.Core.CommandPoolManager.GetCommand (System.Type commandType) [0x00000] in .\GameContainer\Nexus\Packages\com.nexus.core\Runtime\Core\CommandPool.cs:139 
  at Nexus.Core.SignalBus.ExecuteCommand[TSignal] (Nexus.Core.CommandHandlerInfo handler, TSignal signal) [0x0006d] in .\GameContainer\Nexus\Packages\com.nexus.core\Runtime\Core\SignalBus.cs:801 
[Nexus] Command LoadLevelCommand failed (attempt 1/3). Retrying...
Dependency of type PixelFlow.Models.ITutorialModel is not registered.
[LoadLevelCommand] Loading level:  (5x5)
[HapticService] Light
]]></output>
              </test-case>
              <test-case id="1051" name="Bridge_NonPerpendicularCrossing_IsPreventedBySolver" fullname="PixelFlow.Editor.Tests.PixelFlowGameLogicTests.Bridge_NonPerpendicularCrossing_IsPreventedBySolver" methodname="Bridge_NonPerpendicularCrossing_IsPreventedBySolver" classname="PixelFlow.Editor.Tests.PixelFlowGameLogicTests" runstate="Runnable" seed="1033730723" result="Passed" start-time="2026-07-03 12:46:41Z" end-time="2026-07-03 12:46:41Z" duration="0.001562" asserts="0">
                <properties>
                  <property name="retryIteration" value="0" />
                  <property name="repeatIteration" value="0" />
                </properties>
              </test-case>
              <test-case id="1052" name="Bridge_OccupiedByTwoColors_DeniesThirdColor" fullname="PixelFlow.Editor.Tests.PixelFlowGameLogicTests.Bridge_OccupiedByTwoColors_DeniesThirdColor" methodname="Bridge_OccupiedByTwoColors_DeniesThirdColor" classname="PixelFlow.Editor.Tests.PixelFlowGameLogicTests" runstate="Runnable" seed="932976707" result="Passed" start-time="2026-07-03 12:46:41Z" end-time="2026-07-03 12:46:41Z" duration="0.002026" asserts="0">
                <properties>
                  <property name="retryIteration" value="0" />
                  <property name="repeatIteration" value="0" />
                </properties>
              </test-case>
              <test-case id="1038" name="BridgeCell_AcceptingPathOverIt_ShowsBridgeState" fullname="PixelFlow.Editor.Tests.PixelFlowGameLogicTests.BridgeCell_AcceptingPathOverIt_ShowsBridgeState" methodname="BridgeCell_AcceptingPathOverIt_ShowsBridgeState" classname="PixelFlow.Editor.Tests.PixelFlowGameLogicTests" runstate="Runnable" seed="1440235572" result="Failed" start-time="2026-07-03 12:46:41Z" end-time="2026-07-03 12:46:41Z" duration="0.003206" asserts="0">
                <properties>
                  <property name="retryIteration" value="0" />
                  <property name="repeatIteration" value="0" />
                </properties>
                <failure>
                  <message><![CDATA[Unhandled log message: '[Error] [Nexus] Command LoadLevelCommand failed: Dependency of type PixelFlow.Models.ITutorialModel is not registered.
  at Nexus.Core.NexusDI.Resolve (System.Type type) [0x00193] in .\GameContainer\Nexus\Packages\com.nexus.core\Runtime\Core\NexusDI.cs:348 
  at Nexus.Core.NexusDI.Inject (System.Object instance) [0x00089] in .\GameContainer\Nexus\Packages\com.nexus.core\Runtime\Core\NexusDI.cs:391 
  at Nexus.Core.NexusDI.Resolve (System.Type type) [0x00130] in .\GameContainer\Nexus\Packages\com.nexus.core\Runtime\Core\NexusDI.cs:324 
  at Nexus.Core.NexusDI.Inject (System.Object instance) [0x00089] in .\GameContainer\Nexus\Packages\com.nexus.core\Runtime\Core\NexusDI.cs:391 
  at Nexus.Core.NexusDI.Resolve (System.Type type) [0x00156] in .\GameContainer\Nexus\Packages\com.nexus.core\Runtime\Core\NexusDI.cs:330 
  at Nexus.Core.CommandPoolManager+<>c__DisplayClass5_0.<GetCommand>b__1 () [0x00000] in .\GameContainer\Nexus\Packages\com.nexus.core\Runtime\Core\CommandPool.cs:140 
  at Nexus.Core.CommandPool..ctor (System.Type commandType, System.Func`1[TResult] factory, System.Int32 initialSize, System.Int32 maxSize) [0x00036] in .\GameContainer\Nexus\Packages\com.nexus.core\Runtime\Core\CommandPool.cs:38 
  at Nexus.Core.CommandPoolManager.<GetCommand>b__5_0 (System.Type type) [0x00014] in .\GameContainer\Nexus\Packages\com.nexus.core\Runtime\Core\CommandPool.cs:140 
  at System.Collections.Concurrent.ConcurrentDictionary`2[TKey,TValue].GetOrAdd (TKey key, System.Func`2[T,TResult] valueFactory) [0x00034] in <816f70bc2a9c4332b0bd119906a8d40e>:0 
  at Nexus.Core.CommandPoolManager.GetCommand (System.Type commandType) [0x00000] in .\GameContainer\Nexus\Packages\com.nexus.core\Runtime\Core\CommandPool.cs:139 
  at Nexus.Core.SignalBus.ExecuteCommand[TSignal] (Nexus.Core.CommandHandlerInfo handler, TSignal signal) [0x0006d] in .\GameContainer\Nexus\Packages\com.nexus.core\Runtime\Core\SignalBus.cs:801 '. Use UnityEngine.TestTools.LogAssert.Expect]]></message>
                  <stack-trace><![CDATA[Nexus.Core.SignalBus:HandleCommandErrorWithDecision (System.Exception,System.Type,object,int&) (at ./GameContainer/Nexus/Packages/com.nexus.core/Runtime/Core/SignalBus.cs:1333)
Nexus.Core.SignalBus:ExecuteCommand<PixelFlow.Signals.LoadLevelSignal> (Nexus.Core.CommandHandlerInfo,PixelFlow.Signals.LoadLevelSignal) (at ./GameContainer/Nexus/Packages/com.nexus.core/Runtime/Core/SignalBus.cs:822)
Nexus.Core.SignalBus:FireInternal<PixelFlow.Signals.LoadLevelSignal> (PixelFlow.Signals.LoadLevelSignal,bool) (at ./GameContainer/Nexus/Packages/com.nexus.core/Runtime/Core/SignalBus.cs:559)
Nexus.Core.SignalBus:Fire<PixelFlow.Signals.LoadLevelSignal> (PixelFlow.Signals.LoadLevelSignal) (at ./GameContainer/Nexus/Packages/com.nexus.core/Runtime/Core/SignalBus.cs:301)
Nexus.Core.NexusTestContext:Dispatch<PixelFlow.Signals.LoadLevelSignal> (PixelFlow.Signals.LoadLevelSignal) (at ./GameContainer/Nexus/Packages/com.nexus.core/Runtime/Testing/NexusTestContext.cs:190)
PixelFlow.Editor.Tests.PixelFlowGameLogicTests:BridgeCell_AcceptingPathOverIt_ShowsBridgeState () (at Assets/Scripts/PixelFlow/Editor/Tests/PixelFlowGameLogicTests.cs:828)
System.Reflection.MethodBase:Invoke (object,object[])
NUnit.Framework.Internal.Reflect:InvokeMethod (System.Reflection.MethodInfo,object,object[])
NUnit.Framework.Internal.MethodWrapper:Invoke (object,object[])
NUnit.Framework.Internal.Commands.TestMethodCommand:RunNonAsyncTestMethod (NUnit.Framework.Internal.ITestExecutionContext)
NUnit.Framework.Internal.Commands.TestMethodCommand:RunTestMethod (NUnit.Framework.Internal.ITestExecutionContext)
NUnit.Framework.Internal.Commands.TestMethodCommand:Execute (NUnit.Framework.Internal.ITestExecutionContext)
UnityEngine.SetupCoroutine:InvokeMoveNext (System.Collections.IEnumerator,intptr)

]]></stack-trace>
                </failure>
                <output><![CDATA[[Nexus] Command LoadLevelCommand failed: Dependency of type PixelFlow.Models.ITutorialModel is not registered.
  at Nexus.Core.NexusDI.Resolve (System.Type type) [0x00193] in .\GameContainer\Nexus\Packages\com.nexus.core\Runtime\Core\NexusDI.cs:348 
  at Nexus.Core.NexusDI.Inject (System.Object instance) [0x00089] in .\GameContainer\Nexus\Packages\com.nexus.core\Runtime\Core\NexusDI.cs:391 
  at Nexus.Core.NexusDI.Resolve (System.Type type) [0x00130] in .\GameContainer\Nexus\Packages\com.nexus.core\Runtime\Core\NexusDI.cs:324 
  at Nexus.Core.NexusDI.Inject (System.Object instance) [0x00089] in .\GameContainer\Nexus\Packages\com.nexus.core\Runtime\Core\NexusDI.cs:391 
  at Nexus.Core.NexusDI.Resolve (System.Type type) [0x00156] in .\GameContainer\Nexus\Packages\com.nexus.core\Runtime\Core\NexusDI.cs:330 
  at Nexus.Core.CommandPoolManager+<>c__DisplayClass5_0.<GetCommand>b__1 () [0x00000] in .\GameContainer\Nexus\Packages\com.nexus.core\Runtime\Core\CommandPool.cs:140 
  at Nexus.Core.CommandPool..ctor (System.Type commandType, System.Func`1[TResult] factory, System.Int32 initialSize, System.Int32 maxSize) [0x00036] in .\GameContainer\Nexus\Packages\com.nexus.core\Runtime\Core\CommandPool.cs:38 
  at Nexus.Core.CommandPoolManager.<GetCommand>b__5_0 (System.Type type) [0x00014] in .\GameContainer\Nexus\Packages\com.nexus.core\Runtime\Core\CommandPool.cs:140 
  at System.Collections.Concurrent.ConcurrentDictionary`2[TKey,TValue].GetOrAdd (TKey key, System.Func`2[T,TResult] valueFactory) [0x00034] in <816f70bc2a9c4332b0bd119906a8d40e>:0 
  at Nexus.Core.CommandPoolManager.GetCommand (System.Type commandType) [0x00000] in .\GameContainer\Nexus\Packages\com.nexus.core\Runtime\Core\CommandPool.cs:139 
  at Nexus.Core.SignalBus.ExecuteCommand[TSignal] (Nexus.Core.CommandHandlerInfo handler, TSignal signal) [0x0006d] in .\GameContainer\Nexus\Packages\com.nexus.core\Runtime\Core\SignalBus.cs:801 
[Nexus] Command LoadLevelCommand failed (attempt 1/3). Retrying...
Dependency of type PixelFlow.Models.ITutorialModel is not registered.
[LoadLevelCommand] Loading level:  (3x3)
]]></output>
              </test-case>
              <test-case id="1071" name="CellData_ObstacleType_DefaultsToNone" fullname="PixelFlow.Editor.Tests.PixelFlowGameLogicTests.CellData_ObstacleType_DefaultsToNone" methodname="CellData_ObstacleType_DefaultsToNone" classname="PixelFlow.Editor.Tests.PixelFlowGameLogicTests" runstate="Runnable" seed="672998330" result="Passed" start-time="2026-07-03 12:46:41Z" end-time="2026-07-03 12:46:41Z" duration="0.000500" asserts="0">
                <properties>
                  <property name="retryIteration" value="0" />
                  <property name="repeatIteration" value="0" />
                </properties>
              </test-case>
              <test-case id="1025" name="CheckWinCondition_AllCellsFilledAndConnected_Wins" fullname="PixelFlow.Editor.Tests.PixelFlowGameLogicTests.CheckWinCondition_AllCellsFilledAndConnected_Wins" methodname="CheckWinCondition_AllCellsFilledAndConnected_Wins" classname="PixelFlow.Editor.Tests.PixelFlowGameLogicTests" runstate="Runnable" seed="387793507" result="Failed" start-time="2026-07-03 12:46:41Z" end-time="2026-07-03 12:46:41Z" duration="0.009828" asserts="0">
                <properties>
                  <property name="retryIteration" value="0" />
                  <property name="repeatIteration" value="0" />
                </properties>
                <failure>
                  <message><![CDATA[Unhandled log message: '[Error] [Nexus] Command LoadLevelCommand failed: Dependency of type PixelFlow.Models.ITutorialModel is not registered.
  at Nexus.Core.NexusDI.Resolve (System.Type type) [0x00193] in .\GameContainer\Nexus\Packages\com.nexus.core\Runtime\Core\NexusDI.cs:348 
  at Nexus.Core.NexusDI.Inject (System.Object instance) [0x00089] in .\GameContainer\Nexus\Packages\com.nexus.core\Runtime\Core\NexusDI.cs:391 
  at Nexus.Core.NexusDI.Resolve (System.Type type) [0x00130] in .\GameContainer\Nexus\Packages\com.nexus.core\Runtime\Core\NexusDI.cs:324 
  at Nexus.Core.NexusDI.Inject (System.Object instance) [0x00089] in .\GameContainer\Nexus\Packages\com.nexus.core\Runtime\Core\NexusDI.cs:391 
  at Nexus.Core.NexusDI.Resolve (System.Type type) [0x00156] in .\GameContainer\Nexus\Packages\com.nexus.core\Runtime\Core\NexusDI.cs:330 
  at Nexus.Core.CommandPoolManager+<>c__DisplayClass5_0.<GetCommand>b__1 () [0x00000] in .\GameContainer\Nexus\Packages\com.nexus.core\Runtime\Core\CommandPool.cs:140 
  at Nexus.Core.CommandPool..ctor (System.Type commandType, System.Func`1[TResult] factory, System.Int32 initialSize, System.Int32 maxSize) [0x00036] in .\GameContainer\Nexus\Packages\com.nexus.core\Runtime\Core\CommandPool.cs:38 
  at Nexus.Core.CommandPoolManager.<GetCommand>b__5_0 (System.Type type) [0x00014] in .\GameContainer\Nexus\Packages\com.nexus.core\Runtime\Core\CommandPool.cs:140 
  at System.Collections.Concurrent.ConcurrentDictionary`2[TKey,TValue].GetOrAdd (TKey key, System.Func`2[T,TResult] valueFactory) [0x00034] in <816f70bc2a9c4332b0bd119906a8d40e>:0 
  at Nexus.Core.CommandPoolManager.GetCommand (System.Type commandType) [0x00000] in .\GameContainer\Nexus\Packages\com.nexus.core\Runtime\Core\CommandPool.cs:139 
  at Nexus.Core.SignalBus.ExecuteCommand[TSignal] (Nexus.Core.CommandHandlerInfo handler, TSignal signal) [0x0006d] in .\GameContainer\Nexus\Packages\com.nexus.core\Runtime\Core\SignalBus.cs:801 '. Use UnityEngine.TestTools.LogAssert.Expect]]></message>
                  <stack-trace><![CDATA[Nexus.Core.SignalBus:HandleCommandErrorWithDecision (System.Exception,System.Type,object,int&) (at ./GameContainer/Nexus/Packages/com.nexus.core/Runtime/Core/SignalBus.cs:1333)
Nexus.Core.SignalBus:ExecuteCommand<PixelFlow.Signals.LoadLevelSignal> (Nexus.Core.CommandHandlerInfo,PixelFlow.Signals.LoadLevelSignal) (at ./GameContainer/Nexus/Packages/com.nexus.core/Runtime/Core/SignalBus.cs:822)
Nexus.Core.SignalBus:FireInternal<PixelFlow.Signals.LoadLevelSignal> (PixelFlow.Signals.LoadLevelSignal,bool) (at ./GameContainer/Nexus/Packages/com.nexus.core/Runtime/Core/SignalBus.cs:559)
Nexus.Core.SignalBus:Fire<PixelFlow.Signals.LoadLevelSignal> (PixelFlow.Signals.LoadLevelSignal) (at ./GameContainer/Nexus/Packages/com.nexus.core/Runtime/Core/SignalBus.cs:301)
Nexus.Core.NexusTestContext:Dispatch<PixelFlow.Signals.LoadLevelSignal> (PixelFlow.Signals.LoadLevelSignal) (at ./GameContainer/Nexus/Packages/com.nexus.core/Runtime/Testing/NexusTestContext.cs:190)
PixelFlow.Editor.Tests.PixelFlowGameLogicTests:CheckWinCondition_AllCellsFilledAndConnected_Wins () (at Assets/Scripts/PixelFlow/Editor/Tests/PixelFlowGameLogicTests.cs:438)
System.Reflection.MethodBase:Invoke (object,object[])
NUnit.Framework.Internal.Reflect:InvokeMethod (System.Reflection.MethodInfo,object,object[])
NUnit.Framework.Internal.MethodWrapper:Invoke (object,object[])
NUnit.Framework.Internal.Commands.TestMethodCommand:RunNonAsyncTestMethod (NUnit.Framework.Internal.ITestExecutionContext)
NUnit.Framework.Internal.Commands.TestMethodCommand:RunTestMethod (NUnit.Framework.Internal.ITestExecutionContext)
NUnit.Framework.Internal.Commands.TestMethodCommand:Execute (NUnit.Framework.Internal.ITestExecutionContext)
UnityEngine.SetupCoroutine:InvokeMoveNext (System.Collections.IEnumerator,intptr)

]]></stack-trace>
                </failure>
                <output><![CDATA[[Nexus] Command LoadLevelCommand failed: Dependency of type PixelFlow.Models.ITutorialModel is not registered.
  at Nexus.Core.NexusDI.Resolve (System.Type type) [0x00193] in .\GameContainer\Nexus\Packages\com.nexus.core\Runtime\Core\NexusDI.cs:348 
  at Nexus.Core.NexusDI.Inject (System.Object instance) [0x00089] in .\GameContainer\Nexus\Packages\com.nexus.core\Runtime\Core\NexusDI.cs:391 
  at Nexus.Core.NexusDI.Resolve (System.Type type) [0x00130] in .\GameContainer\Nexus\Packages\com.nexus.core\Runtime\Core\NexusDI.cs:324 
  at Nexus.Core.NexusDI.Inject (System.Object instance) [0x00089] in .\GameContainer\Nexus\Packages\com.nexus.core\Runtime\Core\NexusDI.cs:391 
  at Nexus.Core.NexusDI.Resolve (System.Type type) [0x00156] in .\GameContainer\Nexus\Packages\com.nexus.core\Runtime\Core\NexusDI.cs:330 
  at Nexus.Core.CommandPoolManager+<>c__DisplayClass5_0.<GetCommand>b__1 () [0x00000] in .\GameContainer\Nexus\Packages\com.nexus.core\Runtime\Core\CommandPool.cs:140 
  at Nexus.Core.CommandPool..ctor (System.Type commandType, System.Func`1[TResult] factory, System.Int32 initialSize, System.Int32 maxSize) [0x00036] in .\GameContainer\Nexus\Packages\com.nexus.core\Runtime\Core\CommandPool.cs:38 
  at Nexus.Core.CommandPoolManager.<GetCommand>b__5_0 (System.Type type) [0x00014] in .\GameContainer\Nexus\Packages\com.nexus.core\Runtime\Core\CommandPool.cs:140 
  at System.Collections.Concurrent.ConcurrentDictionary`2[TKey,TValue].GetOrAdd (TKey key, System.Func`2[T,TResult] valueFactory) [0x00034] in <816f70bc2a9c4332b0bd119906a8d40e>:0 
  at Nexus.Core.CommandPoolManager.GetCommand (System.Type commandType) [0x00000] in .\GameContainer\Nexus\Packages\com.nexus.core\Runtime\Core\CommandPool.cs:139 
  at Nexus.Core.SignalBus.ExecuteCommand[TSignal] (Nexus.Core.CommandHandlerInfo handler, TSignal signal) [0x0006d] in .\GameContainer\Nexus\Packages\com.nexus.core\Runtime\Core\SignalBus.cs:801 
[Nexus] Command LoadLevelCommand failed (attempt 1/3). Retrying...
Dependency of type PixelFlow.Models.ITutorialModel is not registered.
[LoadLevelCommand] Loading level:  (3x1)
[HapticService] Light
[CheckWinConditionCommand] WIN CONDITION MET! Level Completed!
[CheckWinConditionCommand] Paths completed! Transitioning to Simulation Phase...
[HapticService] Medium
]]></output>
              </test-case>
              <test-case id="1026" name="CheckWinCondition_ColorMissingPath_DoesNotWin" fullname="PixelFlow.Editor.Tests.PixelFlowGameLogicTests.CheckWinCondition_ColorMissingPath_DoesNotWin" methodname="CheckWinCondition_ColorMissingPath_DoesNotWin" classname="PixelFlow.Editor.Tests.PixelFlowGameLogicTests" runstate="Runnable" seed="1588979583" result="Failed" start-time="2026-07-03 12:46:41Z" end-time="2026-07-03 12:46:41Z" duration="0.008761" asserts="0">
                <properties>
                  <property name="retryIteration" value="0" />
                  <property name="repeatIteration" value="0" />
                </properties>
                <failure>
                  <message><![CDATA[Unhandled log message: '[Error] [Nexus] Command LoadLevelCommand failed: Dependency of type PixelFlow.Models.ITutorialModel is not registered.
  at Nexus.Core.NexusDI.Resolve (System.Type type) [0x00193] in .\GameContainer\Nexus\Packages\com.nexus.core\Runtime\Core\NexusDI.cs:348 
  at Nexus.Core.NexusDI.Inject (System.Object instance) [0x00089] in .\GameContainer\Nexus\Packages\com.nexus.core\Runtime\Core\NexusDI.cs:391 
  at Nexus.Core.NexusDI.Resolve (System.Type type) [0x00130] in .\GameContainer\Nexus\Packages\com.nexus.core\Runtime\Core\NexusDI.cs:324 
  at Nexus.Core.NexusDI.Inject (System.Object instance) [0x00089] in .\GameContainer\Nexus\Packages\com.nexus.core\Runtime\Core\NexusDI.cs:391 
  at Nexus.Core.NexusDI.Resolve (System.Type type) [0x00156] in .\GameContainer\Nexus\Packages\com.nexus.core\Runtime\Core\NexusDI.cs:330 
  at Nexus.Core.CommandPoolManager+<>c__DisplayClass5_0.<GetCommand>b__1 () [0x00000] in .\GameContainer\Nexus\Packages\com.nexus.core\Runtime\Core\CommandPool.cs:140 
  at Nexus.Core.CommandPool..ctor (System.Type commandType, System.Func`1[TResult] factory, System.Int32 initialSize, System.Int32 maxSize) [0x00036] in .\GameContainer\Nexus\Packages\com.nexus.core\Runtime\Core\CommandPool.cs:38 
  at Nexus.Core.CommandPoolManager.<GetCommand>b__5_0 (System.Type type) [0x00014] in .\GameContainer\Nexus\Packages\com.nexus.core\Runtime\Core\CommandPool.cs:140 
  at System.Collections.Concurrent.ConcurrentDictionary`2[TKey,TValue].GetOrAdd (TKey key, System.Func`2[T,TResult] valueFactory) [0x00034] in <816f70bc2a9c4332b0bd119906a8d40e>:0 
  at Nexus.Core.CommandPoolManager.GetCommand (System.Type commandType) [0x00000] in .\GameContainer\Nexus\Packages\com.nexus.core\Runtime\Core\CommandPool.cs:139 
  at Nexus.Core.SignalBus.ExecuteCommand[TSignal] (Nexus.Core.CommandHandlerInfo handler, TSignal signal) [0x0006d] in .\GameContainer\Nexus\Packages\com.nexus.core\Runtime\Core\SignalBus.cs:801 '. Use UnityEngine.TestTools.LogAssert.Expect]]></message>
                  <stack-trace><![CDATA[Nexus.Core.SignalBus:HandleCommandErrorWithDecision (System.Exception,System.Type,object,int&) (at ./GameContainer/Nexus/Packages/com.nexus.core/Runtime/Core/SignalBus.cs:1333)
Nexus.Core.SignalBus:ExecuteCommand<PixelFlow.Signals.LoadLevelSignal> (Nexus.Core.CommandHandlerInfo,PixelFlow.Signals.LoadLevelSignal) (at ./GameContainer/Nexus/Packages/com.nexus.core/Runtime/Core/SignalBus.cs:822)
Nexus.Core.SignalBus:FireInternal<PixelFlow.Signals.LoadLevelSignal> (PixelFlow.Signals.LoadLevelSignal,bool) (at ./GameContainer/Nexus/Packages/com.nexus.core/Runtime/Core/SignalBus.cs:559)
Nexus.Core.SignalBus:Fire<PixelFlow.Signals.LoadLevelSignal> (PixelFlow.Signals.LoadLevelSignal) (at ./GameContainer/Nexus/Packages/com.nexus.core/Runtime/Core/SignalBus.cs:301)
Nexus.Core.NexusTestContext:Dispatch<PixelFlow.Signals.LoadLevelSignal> (PixelFlow.Signals.LoadLevelSignal) (at ./GameContainer/Nexus/Packages/com.nexus.core/Runtime/Testing/NexusTestContext.cs:190)
PixelFlow.Editor.Tests.PixelFlowGameLogicTests:CheckWinCondition_ColorMissingPath_DoesNotWin () (at Assets/Scripts/PixelFlow/Editor/Tests/PixelFlowGameLogicTests.cs:478)
System.Reflection.MethodBase:Invoke (object,object[])
NUnit.Framework.Internal.Reflect:InvokeMethod (System.Reflection.MethodInfo,object,object[])
NUnit.Framework.Internal.MethodWrapper:Invoke (object,object[])
NUnit.Framework.Internal.Commands.TestMethodCommand:RunNonAsyncTestMethod (NUnit.Framework.Internal.ITestExecutionContext)
NUnit.Framework.Internal.Commands.TestMethodCommand:RunTestMethod (NUnit.Framework.Internal.ITestExecutionContext)
NUnit.Framework.Internal.Commands.TestMethodCommand:Execute (NUnit.Framework.Internal.ITestExecutionContext)
UnityEngine.SetupCoroutine:InvokeMoveNext (System.Collections.IEnumerator,intptr)

]]></stack-trace>
                </failure>
                <output><![CDATA[[Nexus] Command LoadLevelCommand failed: Dependency of type PixelFlow.Models.ITutorialModel is not registered.
  at Nexus.Core.NexusDI.Resolve (System.Type type) [0x00193] in .\GameContainer\Nexus\Packages\com.nexus.core\Runtime\Core\NexusDI.cs:348 
  at Nexus.Core.NexusDI.Inject (System.Object instance) [0x00089] in .\GameContainer\Nexus\Packages\com.nexus.core\Runtime\Core\NexusDI.cs:391 
  at Nexus.Core.NexusDI.Resolve (System.Type type) [0x00130] in .\GameContainer\Nexus\Packages\com.nexus.core\Runtime\Core\NexusDI.cs:324 
  at Nexus.Core.NexusDI.Inject (System.Object instance) [0x00089] in .\GameContainer\Nexus\Packages\com.nexus.core\Runtime\Core\NexusDI.cs:391 
  at Nexus.Core.NexusDI.Resolve (System.Type type) [0x00156] in .\GameContainer\Nexus\Packages\com.nexus.core\Runtime\Core\NexusDI.cs:330 
  at Nexus.Core.CommandPoolManager+<>c__DisplayClass5_0.<GetCommand>b__1 () [0x00000] in .\GameContainer\Nexus\Packages\com.nexus.core\Runtime\Core\CommandPool.cs:140 
  at Nexus.Core.CommandPool..ctor (System.Type commandType, System.Func`1[TResult] factory, System.Int32 initialSize, System.Int32 maxSize) [0x00036] in .\GameContainer\Nexus\Packages\com.nexus.core\Runtime\Core\CommandPool.cs:38 
  at Nexus.Core.CommandPoolManager.<GetCommand>b__5_0 (System.Type type) [0x00014] in .\GameContainer\Nexus\Packages\com.nexus.core\Runtime\Core\CommandPool.cs:140 
  at System.Collections.Concurrent.ConcurrentDictionary`2[TKey,TValue].GetOrAdd (TKey key, System.Func`2[T,TResult] valueFactory) [0x00034] in <816f70bc2a9c4332b0bd119906a8d40e>:0 
  at Nexus.Core.CommandPoolManager.GetCommand (System.Type commandType) [0x00000] in .\GameContainer\Nexus\Packages\com.nexus.core\Runtime\Core\CommandPool.cs:139 
  at Nexus.Core.SignalBus.ExecuteCommand[TSignal] (Nexus.Core.CommandHandlerInfo handler, TSignal signal) [0x0006d] in .\GameContainer\Nexus\Packages\com.nexus.core\Runtime\Core\SignalBus.cs:801 
[Nexus] Command LoadLevelCommand failed (attempt 1/3). Retrying...
Dependency of type PixelFlow.Models.ITutorialModel is not registered.
[LoadLevelCommand] Loading level:  (2x2)
[HapticService] Light
[CheckWinConditionCommand] Win check failed: color Green has no path
[HapticService] Medium
[HapticService] Light
[CheckWinConditionCommand] WIN CONDITION MET! Level Completed!
[CheckWinConditionCommand] Paths completed! Transitioning to Simulation Phase...
[HapticService] Medium
]]></output>
              </test-case>
              <test-case id="1023" name="CheckWinCondition_EmptyCellsRemaining_WithFullCoverageRequired_DoesNotWin" fullname="PixelFlow.Editor.Tests.PixelFlowGameLogicTests.CheckWinCondition_EmptyCellsRemaining_WithFullCoverageRequired_DoesNotWin" methodname="CheckWinCondition_EmptyCellsRemaining_WithFullCoverageRequired_DoesNotWin" classname="PixelFlow.Editor.Tests.PixelFlowGameLogicTests" runstate="Runnable" seed="692788012" result="Failed" start-time="2026-07-03 12:46:41Z" end-time="2026-07-03 12:46:41Z" duration="0.004297" asserts="0">
                <properties>
                  <property name="retryIteration" value="0" />
                  <property name="repeatIteration" value="0" />
                </properties>
                <failure>
                  <message><![CDATA[Unhandled log message: '[Error] [Nexus] Command LoadLevelCommand failed: Dependency of type PixelFlow.Models.ITutorialModel is not registered.
  at Nexus.Core.NexusDI.Resolve (System.Type type) [0x00193] in .\GameContainer\Nexus\Packages\com.nexus.core\Runtime\Core\NexusDI.cs:348 
  at Nexus.Core.NexusDI.Inject (System.Object instance) [0x00089] in .\GameContainer\Nexus\Packages\com.nexus.core\Runtime\Core\NexusDI.cs:391 
  at Nexus.Core.NexusDI.Resolve (System.Type type) [0x00130] in .\GameContainer\Nexus\Packages\com.nexus.core\Runtime\Core\NexusDI.cs:324 
  at Nexus.Core.NexusDI.Inject (System.Object instance) [0x00089] in .\GameContainer\Nexus\Packages\com.nexus.core\Runtime\Core\NexusDI.cs:391 
  at Nexus.Core.NexusDI.Resolve (System.Type type) [0x00156] in .\GameContainer\Nexus\Packages\com.nexus.core\Runtime\Core\NexusDI.cs:330 
  at Nexus.Core.CommandPoolManager+<>c__DisplayClass5_0.<GetCommand>b__1 () [0x00000] in .\GameContainer\Nexus\Packages\com.nexus.core\Runtime\Core\CommandPool.cs:140 
  at Nexus.Core.CommandPool..ctor (System.Type commandType, System.Func`1[TResult] factory, System.Int32 initialSize, System.Int32 maxSize) [0x00036] in .\GameContainer\Nexus\Packages\com.nexus.core\Runtime\Core\CommandPool.cs:38 
  at Nexus.Core.CommandPoolManager.<GetCommand>b__5_0 (System.Type type) [0x00014] in .\GameContainer\Nexus\Packages\com.nexus.core\Runtime\Core\CommandPool.cs:140 
  at System.Collections.Concurrent.ConcurrentDictionary`2[TKey,TValue].GetOrAdd (TKey key, System.Func`2[T,TResult] valueFactory) [0x00034] in <816f70bc2a9c4332b0bd119906a8d40e>:0 
  at Nexus.Core.CommandPoolManager.GetCommand (System.Type commandType) [0x00000] in .\GameContainer\Nexus\Packages\com.nexus.core\Runtime\Core\CommandPool.cs:139 
  at Nexus.Core.SignalBus.ExecuteCommand[TSignal] (Nexus.Core.CommandHandlerInfo handler, TSignal signal) [0x0006d] in .\GameContainer\Nexus\Packages\com.nexus.core\Runtime\Core\SignalBus.cs:801 '. Use UnityEngine.TestTools.LogAssert.Expect]]></message>
                  <stack-trace><![CDATA[Nexus.Core.SignalBus:HandleCommandErrorWithDecision (System.Exception,System.Type,object,int&) (at ./GameContainer/Nexus/Packages/com.nexus.core/Runtime/Core/SignalBus.cs:1333)
Nexus.Core.SignalBus:ExecuteCommand<PixelFlow.Signals.LoadLevelSignal> (Nexus.Core.CommandHandlerInfo,PixelFlow.Signals.LoadLevelSignal) (at ./GameContainer/Nexus/Packages/com.nexus.core/Runtime/Core/SignalBus.cs:822)
Nexus.Core.SignalBus:FireInternal<PixelFlow.Signals.LoadLevelSignal> (PixelFlow.Signals.LoadLevelSignal,bool) (at ./GameContainer/Nexus/Packages/com.nexus.core/Runtime/Core/SignalBus.cs:559)
Nexus.Core.SignalBus:Fire<PixelFlow.Signals.LoadLevelSignal> (PixelFlow.Signals.LoadLevelSignal) (at ./GameContainer/Nexus/Packages/com.nexus.core/Runtime/Core/SignalBus.cs:301)
Nexus.Core.NexusTestContext:Dispatch<PixelFlow.Signals.LoadLevelSignal> (PixelFlow.Signals.LoadLevelSignal) (at ./GameContainer/Nexus/Packages/com.nexus.core/Runtime/Testing/NexusTestContext.cs:190)
PixelFlow.Editor.Tests.PixelFlowGameLogicTests:CheckWinCondition_EmptyCellsRemaining_WithFullCoverageRequired_DoesNotWin () (at Assets/Scripts/PixelFlow/Editor/Tests/PixelFlowGameLogicTests.cs:388)
System.Reflection.MethodBase:Invoke (object,object[])
NUnit.Framework.Internal.Reflect:InvokeMethod (System.Reflection.MethodInfo,object,object[])
NUnit.Framework.Internal.MethodWrapper:Invoke (object,object[])
NUnit.Framework.Internal.Commands.TestMethodCommand:RunNonAsyncTestMethod (NUnit.Framework.Internal.ITestExecutionContext)
NUnit.Framework.Internal.Commands.TestMethodCommand:RunTestMethod (NUnit.Framework.Internal.ITestExecutionContext)
NUnit.Framework.Internal.Commands.TestMethodCommand:Execute (NUnit.Framework.Internal.ITestExecutionContext)
UnityEngine.SetupCoroutine:InvokeMoveNext (System.Collections.IEnumerator,intptr)

]]></stack-trace>
                </failure>
                <output><![CDATA[[Nexus] Command LoadLevelCommand failed: Dependency of type PixelFlow.Models.ITutorialModel is not registered.
  at Nexus.Core.NexusDI.Resolve (System.Type type) [0x00193] in .\GameContainer\Nexus\Packages\com.nexus.core\Runtime\Core\NexusDI.cs:348 
  at Nexus.Core.NexusDI.Inject (System.Object instance) [0x00089] in .\GameContainer\Nexus\Packages\com.nexus.core\Runtime\Core\NexusDI.cs:391 
  at Nexus.Core.NexusDI.Resolve (System.Type type) [0x00130] in .\GameContainer\Nexus\Packages\com.nexus.core\Runtime\Core\NexusDI.cs:324 
  at Nexus.Core.NexusDI.Inject (System.Object instance) [0x00089] in .\GameContainer\Nexus\Packages\com.nexus.core\Runtime\Core\NexusDI.cs:391 
  at Nexus.Core.NexusDI.Resolve (System.Type type) [0x00156] in .\GameContainer\Nexus\Packages\com.nexus.core\Runtime\Core\NexusDI.cs:330 
  at Nexus.Core.CommandPoolManager+<>c__DisplayClass5_0.<GetCommand>b__1 () [0x00000] in .\GameContainer\Nexus\Packages\com.nexus.core\Runtime\Core\CommandPool.cs:140 
  at Nexus.Core.CommandPool..ctor (System.Type commandType, System.Func`1[TResult] factory, System.Int32 initialSize, System.Int32 maxSize) [0x00036] in .\GameContainer\Nexus\Packages\com.nexus.core\Runtime\Core\CommandPool.cs:38 
  at Nexus.Core.CommandPoolManager.<GetCommand>b__5_0 (System.Type type) [0x00014] in .\GameContainer\Nexus\Packages\com.nexus.core\Runtime\Core\CommandPool.cs:140 
  at System.Collections.Concurrent.ConcurrentDictionary`2[TKey,TValue].GetOrAdd (TKey key, System.Func`2[T,TResult] valueFactory) [0x00034] in <816f70bc2a9c4332b0bd119906a8d40e>:0 
  at Nexus.Core.CommandPoolManager.GetCommand (System.Type commandType) [0x00000] in .\GameContainer\Nexus\Packages\com.nexus.core\Runtime\Core\CommandPool.cs:139 
  at Nexus.Core.SignalBus.ExecuteCommand[TSignal] (Nexus.Core.CommandHandlerInfo handler, TSignal signal) [0x0006d] in .\GameContainer\Nexus\Packages\com.nexus.core\Runtime\Core\SignalBus.cs:801 
[Nexus] Command LoadLevelCommand failed (attempt 1/3). Retrying...
Dependency of type PixelFlow.Models.ITutorialModel is not registered.
[LoadLevelCommand] Loading level:  (5x5)
[CheckWinConditionCommand] Win check failed: empty cell remaining at (0, 1)
]]></output>
              </test-case>
              <test-case id="1024" name="CheckWinCondition_EmptyCellsRemaining_WithoutFullCoverageRequired_WinsWhenColorsConnected" fullname="PixelFlow.Editor.Tests.PixelFlowGameLogicTests.CheckWinCondition_EmptyCellsRemaining_WithoutFullCoverageRequired_WinsWhenColorsConnected" methodname="CheckWinCondition_EmptyCellsRemaining_WithoutFullCoverageRequired_WinsWhenColorsConnected" classname="PixelFlow.Editor.Tests.PixelFlowGameLogicTests" runstate="Runnable" seed="1067104021" result="Failed" start-time="2026-07-03 12:46:41Z" end-time="2026-07-03 12:46:41Z" duration="0.006002" asserts="0">
                <properties>
                  <property name="retryIteration" value="0" />
                  <property name="repeatIteration" value="0" />
                </properties>
                <failure>
                  <message><![CDATA[Unhandled log message: '[Error] [Nexus] Command LoadLevelCommand failed: Dependency of type PixelFlow.Models.ITutorialModel is not registered.
  at Nexus.Core.NexusDI.Resolve (System.Type type) [0x00193] in .\GameContainer\Nexus\Packages\com.nexus.core\Runtime\Core\NexusDI.cs:348 
  at Nexus.Core.NexusDI.Inject (System.Object instance) [0x00089] in .\GameContainer\Nexus\Packages\com.nexus.core\Runtime\Core\NexusDI.cs:391 
  at Nexus.Core.NexusDI.Resolve (System.Type type) [0x00130] in .\GameContainer\Nexus\Packages\com.nexus.core\Runtime\Core\NexusDI.cs:324 
  at Nexus.Core.NexusDI.Inject (System.Object instance) [0x00089] in .\GameContainer\Nexus\Packages\com.nexus.core\Runtime\Core\NexusDI.cs:391 
  at Nexus.Core.NexusDI.Resolve (System.Type type) [0x00156] in .\GameContainer\Nexus\Packages\com.nexus.core\Runtime\Core\NexusDI.cs:330 
  at Nexus.Core.CommandPoolManager+<>c__DisplayClass5_0.<GetCommand>b__1 () [0x00000] in .\GameContainer\Nexus\Packages\com.nexus.core\Runtime\Core\CommandPool.cs:140 
  at Nexus.Core.CommandPool..ctor (System.Type commandType, System.Func`1[TResult] factory, System.Int32 initialSize, System.Int32 maxSize) [0x00036] in .\GameContainer\Nexus\Packages\com.nexus.core\Runtime\Core\CommandPool.cs:38 
  at Nexus.Core.CommandPoolManager.<GetCommand>b__5_0 (System.Type type) [0x00014] in .\GameContainer\Nexus\Packages\com.nexus.core\Runtime\Core\CommandPool.cs:140 
  at System.Collections.Concurrent.ConcurrentDictionary`2[TKey,TValue].GetOrAdd (TKey key, System.Func`2[T,TResult] valueFactory) [0x00034] in <816f70bc2a9c4332b0bd119906a8d40e>:0 
  at Nexus.Core.CommandPoolManager.GetCommand (System.Type commandType) [0x00000] in .\GameContainer\Nexus\Packages\com.nexus.core\Runtime\Core\CommandPool.cs:139 
  at Nexus.Core.SignalBus.ExecuteCommand[TSignal] (Nexus.Core.CommandHandlerInfo handler, TSignal signal) [0x0006d] in .\GameContainer\Nexus\Packages\com.nexus.core\Runtime\Core\SignalBus.cs:801 '. Use UnityEngine.TestTools.LogAssert.Expect]]></message>
                  <stack-trace><![CDATA[Nexus.Core.SignalBus:HandleCommandErrorWithDecision (System.Exception,System.Type,object,int&) (at ./GameContainer/Nexus/Packages/com.nexus.core/Runtime/Core/SignalBus.cs:1333)
Nexus.Core.SignalBus:ExecuteCommand<PixelFlow.Signals.LoadLevelSignal> (Nexus.Core.CommandHandlerInfo,PixelFlow.Signals.LoadLevelSignal) (at ./GameContainer/Nexus/Packages/com.nexus.core/Runtime/Core/SignalBus.cs:822)
Nexus.Core.SignalBus:FireInternal<PixelFlow.Signals.LoadLevelSignal> (PixelFlow.Signals.LoadLevelSignal,bool) (at ./GameContainer/Nexus/Packages/com.nexus.core/Runtime/Core/SignalBus.cs:559)
Nexus.Core.SignalBus:Fire<PixelFlow.Signals.LoadLevelSignal> (PixelFlow.Signals.LoadLevelSignal) (at ./GameContainer/Nexus/Packages/com.nexus.core/Runtime/Core/SignalBus.cs:301)
Nexus.Core.NexusTestContext:Dispatch<PixelFlow.Signals.LoadLevelSignal> (PixelFlow.Signals.LoadLevelSignal) (at ./GameContainer/Nexus/Packages/com.nexus.core/Runtime/Testing/NexusTestContext.cs:190)
PixelFlow.Editor.Tests.PixelFlowGameLogicTests:CheckWinCondition_EmptyCellsRemaining_WithoutFullCoverageRequired_WinsWhenColorsConnected () (at Assets/Scripts/PixelFlow/Editor/Tests/PixelFlowGameLogicTests.cs:412)
System.Reflection.MethodBase:Invoke (object,object[])
NUnit.Framework.Internal.Reflect:InvokeMethod (System.Reflection.MethodInfo,object,object[])
NUnit.Framework.Internal.MethodWrapper:Invoke (object,object[])
NUnit.Framework.Internal.Commands.TestMethodCommand:RunNonAsyncTestMethod (NUnit.Framework.Internal.ITestExecutionContext)
NUnit.Framework.Internal.Commands.TestMethodCommand:RunTestMethod (NUnit.Framework.Internal.ITestExecutionContext)
NUnit.Framework.Internal.Commands.TestMethodCommand:Execute (NUnit.Framework.Internal.ITestExecutionContext)
UnityEngine.SetupCoroutine:InvokeMoveNext (System.Collections.IEnumerator,intptr)

]]></stack-trace>
                </failure>
                <output><![CDATA[[Nexus] Command LoadLevelCommand failed: Dependency of type PixelFlow.Models.ITutorialModel is not registered.
  at Nexus.Core.NexusDI.Resolve (System.Type type) [0x00193] in .\GameContainer\Nexus\Packages\com.nexus.core\Runtime\Core\NexusDI.cs:348 
  at Nexus.Core.NexusDI.Inject (System.Object instance) [0x00089] in .\GameContainer\Nexus\Packages\com.nexus.core\Runtime\Core\NexusDI.cs:391 
  at Nexus.Core.NexusDI.Resolve (System.Type type) [0x00130] in .\GameContainer\Nexus\Packages\com.nexus.core\Runtime\Core\NexusDI.cs:324 
  at Nexus.Core.NexusDI.Inject (System.Object instance) [0x00089] in .\GameContainer\Nexus\Packages\com.nexus.core\Runtime\Core\NexusDI.cs:391 
  at Nexus.Core.NexusDI.Resolve (System.Type type) [0x00156] in .\GameContainer\Nexus\Packages\com.nexus.core\Runtime\Core\NexusDI.cs:330 
  at Nexus.Core.CommandPoolManager+<>c__DisplayClass5_0.<GetCommand>b__1 () [0x00000] in .\GameContainer\Nexus\Packages\com.nexus.core\Runtime\Core\CommandPool.cs:140 
  at Nexus.Core.CommandPool..ctor (System.Type commandType, System.Func`1[TResult] factory, System.Int32 initialSize, System.Int32 maxSize) [0x00036] in .\GameContainer\Nexus\Packages\com.nexus.core\Runtime\Core\CommandPool.cs:38 
  at Nexus.Core.CommandPoolManager.<GetCommand>b__5_0 (System.Type type) [0x00014] in .\GameContainer\Nexus\Packages\com.nexus.core\Runtime\Core\CommandPool.cs:140 
  at System.Collections.Concurrent.ConcurrentDictionary`2[TKey,TValue].GetOrAdd (TKey key, System.Func`2[T,TResult] valueFactory) [0x00034] in <816f70bc2a9c4332b0bd119906a8d40e>:0 
  at Nexus.Core.CommandPoolManager.GetCommand (System.Type commandType) [0x00000] in .\GameContainer\Nexus\Packages\com.nexus.core\Runtime\Core\CommandPool.cs:139 
  at Nexus.Core.SignalBus.ExecuteCommand[TSignal] (Nexus.Core.CommandHandlerInfo handler, TSignal signal) [0x0006d] in .\GameContainer\Nexus\Packages\com.nexus.core\Runtime\Core\SignalBus.cs:801 
[Nexus] Command LoadLevelCommand failed (attempt 1/3). Retrying...
Dependency of type PixelFlow.Models.ITutorialModel is not registered.
[LoadLevelCommand] Loading level:  (3x2)
[HapticService] Light
[CheckWinConditionCommand] WIN CONDITION MET! Level Completed!
[CheckWinConditionCommand] Paths completed! Transitioning to Simulation Phase...
[HapticService] Medium
]]></output>
              </test-case>
              <test-case id="1068" name="CloudSave_CloudNewer_ReturnsCloud" fullname="PixelFlow.Editor.Tests.PixelFlowGameLogicTests.CloudSave_CloudNewer_ReturnsCloud" methodname="CloudSave_CloudNewer_ReturnsCloud" classname="PixelFlow.Editor.Tests.PixelFlowGameLogicTests" runstate="Runnable" seed="1097470661" result="Passed" start-time="2026-07-03 12:46:41Z" end-time="2026-07-03 12:46:41Z" duration="0.000510" asserts="0">
                <properties>
                  <property name="retryIteration" value="0" />
                  <property name="repeatIteration" value="0" />
                </properties>
              </test-case>
              <test-case id="1067" name="CloudSave_LocalNewer_ReturnsLocal" fullname="PixelFlow.Editor.Tests.PixelFlowGameLogicTests.CloudSave_LocalNewer_ReturnsLocal" methodname="CloudSave_LocalNewer_ReturnsLocal" classname="PixelFlow.Editor.Tests.PixelFlowGameLogicTests" runstate="Runnable" seed="1553419339" result="Passed" start-time="2026-07-03 12:46:41Z" end-time="2026-07-03 12:46:41Z" duration="0.000346" asserts="0">
                <properties>
                  <property name="retryIteration" value="0" />
                  <property name="repeatIteration" value="0" />
                </properties>
              </test-case>
              <test-case id="1066" name="CloudSave_NoCloud_ReturnsLocal" fullname="PixelFlow.Editor.Tests.PixelFlowGameLogicTests.CloudSave_NoCloud_ReturnsLocal" methodname="CloudSave_NoCloud_ReturnsLocal" classname="PixelFlow.Editor.Tests.PixelFlowGameLogicTests" runstate="Runnable" seed="699332298" result="Passed" start-time="2026-07-03 12:46:41Z" end-time="2026-07-03 12:46:41Z" duration="0.000387" asserts="0">
                <properties>
                  <property name="retryIteration" value="0" />
                  <property name="repeatIteration" value="0" />
                </properties>
              </test-case>
              <test-case id="1069" name="CloudSave_PlayerId_Persists" fullname="PixelFlow.Editor.Tests.PixelFlowGameLogicTests.CloudSave_PlayerId_Persists" methodname="CloudSave_PlayerId_Persists" classname="PixelFlow.Editor.Tests.PixelFlowGameLogicTests" runstate="Runnable" seed="1229660687" result="Passed" start-time="2026-07-03 12:46:41Z" end-time="2026-07-03 12:46:41Z" duration="0.000595" asserts="0">
                <properties>
                  <property name="retryIteration" value="0" />
                  <property name="repeatIteration" value="0" />
                </properties>
              </test-case>
              <test-case id="1070" name="CloudSave_SyncToCloud_RoundTrips" fullname="PixelFlow.Editor.Tests.PixelFlowGameLogicTests.CloudSave_SyncToCloud_RoundTrips" methodname="CloudSave_SyncToCloud_RoundTrips" classname="PixelFlow.Editor.Tests.PixelFlowGameLogicTests" runstate="Runnable" seed="312416135" result="Passed" start-time="2026-07-03 12:46:41Z" end-time="2026-07-03 12:46:41Z" duration="0.001608" asserts="0">
                <properties>
                  <property name="retryIteration" value="0" />
                  <property name="repeatIteration" value="0" />
                </properties>
              </test-case>
              <test-case id="1044" name="CompletingLevel_AwardsScore" fullname="PixelFlow.Editor.Tests.PixelFlowGameLogicTests.CompletingLevel_AwardsScore" methodname="CompletingLevel_AwardsScore" classname="PixelFlow.Editor.Tests.PixelFlowGameLogicTests" runstate="Runnable" seed="123046212" result="Failed" start-time="2026-07-03 12:46:41Z" end-time="2026-07-03 12:46:41Z" duration="0.011725" asserts="0">
                <properties>
                  <property name="retryIteration" value="0" />
                  <property name="repeatIteration" value="0" />
                </properties>
                <failure>
                  <message><![CDATA[Unhandled log message: '[Error] [Nexus] Command LoadLevelCommand failed: Dependency of type PixelFlow.Models.ITutorialModel is not registered.
  at Nexus.Core.NexusDI.Resolve (System.Type type) [0x00193] in .\GameContainer\Nexus\Packages\com.nexus.core\Runtime\Core\NexusDI.cs:348 
  at Nexus.Core.NexusDI.Inject (System.Object instance) [0x00089] in .\GameContainer\Nexus\Packages\com.nexus.core\Runtime\Core\NexusDI.cs:391 
  at Nexus.Core.NexusDI.Resolve (System.Type type) [0x00130] in .\GameContainer\Nexus\Packages\com.nexus.core\Runtime\Core\NexusDI.cs:324 
  at Nexus.Core.NexusDI.Inject (System.Object instance) [0x00089] in .\GameContainer\Nexus\Packages\com.nexus.core\Runtime\Core\NexusDI.cs:391 
  at Nexus.Core.NexusDI.Resolve (System.Type type) [0x00156] in .\GameContainer\Nexus\Packages\com.nexus.core\Runtime\Core\NexusDI.cs:330 
  at Nexus.Core.CommandPoolManager+<>c__DisplayClass5_0.<GetCommand>b__1 () [0x00000] in .\GameContainer\Nexus\Packages\com.nexus.core\Runtime\Core\CommandPool.cs:140 
  at Nexus.Core.CommandPool..ctor (System.Type commandType, System.Func`1[TResult] factory, System.Int32 initialSize, System.Int32 maxSize) [0x00036] in .\GameContainer\Nexus\Packages\com.nexus.core\Runtime\Core\CommandPool.cs:38 
  at Nexus.Core.CommandPoolManager.<GetCommand>b__5_0 (System.Type type) [0x00014] in .\GameContainer\Nexus\Packages\com.nexus.core\Runtime\Core\CommandPool.cs:140 
  at System.Collections.Concurrent.ConcurrentDictionary`2[TKey,TValue].GetOrAdd (TKey key, System.Func`2[T,TResult] valueFactory) [0x00034] in <816f70bc2a9c4332b0bd119906a8d40e>:0 
  at Nexus.Core.CommandPoolManager.GetCommand (System.Type commandType) [0x00000] in .\GameContainer\Nexus\Packages\com.nexus.core\Runtime\Core\CommandPool.cs:139 
  at Nexus.Core.SignalBus.ExecuteCommand[TSignal] (Nexus.Core.CommandHandlerInfo handler, TSignal signal) [0x0006d] in .\GameContainer\Nexus\Packages\com.nexus.core\Runtime\Core\SignalBus.cs:801 '. Use UnityEngine.TestTools.LogAssert.Expect]]></message>
                  <stack-trace><![CDATA[Nexus.Core.SignalBus:HandleCommandErrorWithDecision (System.Exception,System.Type,object,int&) (at ./GameContainer/Nexus/Packages/com.nexus.core/Runtime/Core/SignalBus.cs:1333)
Nexus.Core.SignalBus:ExecuteCommand<PixelFlow.Signals.LoadLevelSignal> (Nexus.Core.CommandHandlerInfo,PixelFlow.Signals.LoadLevelSignal) (at ./GameContainer/Nexus/Packages/com.nexus.core/Runtime/Core/SignalBus.cs:822)
Nexus.Core.SignalBus:FireInternal<PixelFlow.Signals.LoadLevelSignal> (PixelFlow.Signals.LoadLevelSignal,bool) (at ./GameContainer/Nexus/Packages/com.nexus.core/Runtime/Core/SignalBus.cs:559)
Nexus.Core.SignalBus:Fire<PixelFlow.Signals.LoadLevelSignal> (PixelFlow.Signals.LoadLevelSignal) (at ./GameContainer/Nexus/Packages/com.nexus.core/Runtime/Core/SignalBus.cs:301)
Nexus.Core.NexusTestContext:Dispatch<PixelFlow.Signals.LoadLevelSignal> (PixelFlow.Signals.LoadLevelSignal) (at ./GameContainer/Nexus/Packages/com.nexus.core/Runtime/Testing/NexusTestContext.cs:190)
PixelFlow.Editor.Tests.PixelFlowGameLogicTests:CompletingLevel_AwardsScore () (at Assets/Scripts/PixelFlow/Editor/Tests/PixelFlowGameLogicTests.cs:974)
System.Reflection.MethodBase:Invoke (object,object[])
NUnit.Framework.Internal.Reflect:InvokeMethod (System.Reflection.MethodInfo,object,object[])
NUnit.Framework.Internal.MethodWrapper:Invoke (object,object[])
NUnit.Framework.Internal.Commands.TestMethodCommand:RunNonAsyncTestMethod (NUnit.Framework.Internal.ITestExecutionContext)
NUnit.Framework.Internal.Commands.TestMethodCommand:RunTestMethod (NUnit.Framework.Internal.ITestExecutionContext)
NUnit.Framework.Internal.Commands.TestMethodCommand:Execute (NUnit.Framework.Internal.ITestExecutionContext)
UnityEngine.SetupCoroutine:InvokeMoveNext (System.Collections.IEnumerator,intptr)

]]></stack-trace>
                </failure>
                <output><![CDATA[[Nexus] Command LoadLevelCommand failed: Dependency of type PixelFlow.Models.ITutorialModel is not registered.
  at Nexus.Core.NexusDI.Resolve (System.Type type) [0x00193] in .\GameContainer\Nexus\Packages\com.nexus.core\Runtime\Core\NexusDI.cs:348 
  at Nexus.Core.NexusDI.Inject (System.Object instance) [0x00089] in .\GameContainer\Nexus\Packages\com.nexus.core\Runtime\Core\NexusDI.cs:391 
  at Nexus.Core.NexusDI.Resolve (System.Type type) [0x00130] in .\GameContainer\Nexus\Packages\com.nexus.core\Runtime\Core\NexusDI.cs:324 
  at Nexus.Core.NexusDI.Inject (System.Object instance) [0x00089] in .\GameContainer\Nexus\Packages\com.nexus.core\Runtime\Core\NexusDI.cs:391 
  at Nexus.Core.NexusDI.Resolve (System.Type type) [0x00156] in .\GameContainer\Nexus\Packages\com.nexus.core\Runtime\Core\NexusDI.cs:330 
  at Nexus.Core.CommandPoolManager+<>c__DisplayClass5_0.<GetCommand>b__1 () [0x00000] in .\GameContainer\Nexus\Packages\com.nexus.core\Runtime\Core\CommandPool.cs:140 
  at Nexus.Core.CommandPool..ctor (System.Type commandType, System.Func`1[TResult] factory, System.Int32 initialSize, System.Int32 maxSize) [0x00036] in .\GameContainer\Nexus\Packages\com.nexus.core\Runtime\Core\CommandPool.cs:38 
  at Nexus.Core.CommandPoolManager.<GetCommand>b__5_0 (System.Type type) [0x00014] in .\GameContainer\Nexus\Packages\com.nexus.core\Runtime\Core\CommandPool.cs:140 
  at System.Collections.Concurrent.ConcurrentDictionary`2[TKey,TValue].GetOrAdd (TKey key, System.Func`2[T,TResult] valueFactory) [0x00034] in <816f70bc2a9c4332b0bd119906a8d40e>:0 
  at Nexus.Core.CommandPoolManager.GetCommand (System.Type commandType) [0x00000] in .\GameContainer\Nexus\Packages\com.nexus.core\Runtime\Core\CommandPool.cs:139 
  at Nexus.Core.SignalBus.ExecuteCommand[TSignal] (Nexus.Core.CommandHandlerInfo handler, TSignal signal) [0x0006d] in .\GameContainer\Nexus\Packages\com.nexus.core\Runtime\Core\SignalBus.cs:801 
[Nexus] Command LoadLevelCommand failed (attempt 1/3). Retrying...
Dependency of type PixelFlow.Models.ITutorialModel is not registered.
[LoadLevelCommand] Loading level:  (3x1)
[HapticService] Light
[CheckWinConditionCommand] WIN CONDITION MET! Level Completed!
[CheckWinConditionCommand] Paths completed! Transitioning to Simulation Phase...
[HapticService] Medium
[SaveProgressCommand] Level completed! Unlocked levels: 1 -> 2
]]></output>
              </test-case>
              <test-case id="1076" name="Crisis_BonusViaduct_IncrementsMaxAndAvailable" fullname="PixelFlow.Editor.Tests.PixelFlowGameLogicTests.Crisis_BonusViaduct_IncrementsMaxAndAvailable" methodname="Crisis_BonusViaduct_IncrementsMaxAndAvailable" classname="PixelFlow.Editor.Tests.PixelFlowGameLogicTests" runstate="Runnable" seed="512926838" result="Passed" start-time="2026-07-03 12:46:41Z" end-time="2026-07-03 12:46:41Z" duration="0.000768" asserts="0">
                <properties>
                  <property name="retryIteration" value="0" />
                  <property name="repeatIteration" value="0" />
                </properties>
              </test-case>
              <test-case id="1075" name="Crisis_RetryCount_IncrementsAndFires" fullname="PixelFlow.Editor.Tests.PixelFlowGameLogicTests.Crisis_RetryCount_IncrementsAndFires" methodname="Crisis_RetryCount_IncrementsAndFires" classname="PixelFlow.Editor.Tests.PixelFlowGameLogicTests" runstate="Runnable" seed="1686398297" result="Passed" start-time="2026-07-03 12:46:41Z" end-time="2026-07-03 12:46:41Z" duration="0.006883" asserts="0">
                <properties>
                  <property name="retryIteration" value="0" />
                  <property name="repeatIteration" value="0" />
                </properties>
              </test-case>
              <test-case id="1073" name="Crisis_UndoUsed_DecrementsMaxViaducts" fullname="PixelFlow.Editor.Tests.PixelFlowGameLogicTests.Crisis_UndoUsed_DecrementsMaxViaducts" methodname="Crisis_UndoUsed_DecrementsMaxViaducts" classname="PixelFlow.Editor.Tests.PixelFlowGameLogicTests" runstate="Runnable" seed="1547064931" result="Passed" start-time="2026-07-03 12:46:41Z" end-time="2026-07-03 12:46:41Z" duration="0.000359" asserts="0">
                <properties>
                  <property name="retryIteration" value="0" />
                  <property name="repeatIteration" value="0" />
                </properties>
              </test-case>
              <test-case id="1074" name="Crisis_UndoUsed_MinimumOne" fullname="PixelFlow.Editor.Tests.PixelFlowGameLogicTests.Crisis_UndoUsed_MinimumOne" methodname="Crisis_UndoUsed_MinimumOne" classname="PixelFlow.Editor.Tests.PixelFlowGameLogicTests" runstate="Runnable" seed="1562515316" result="Passed" start-time="2026-07-03 12:46:41Z" end-time="2026-07-03 12:46:41Z" duration="0.000290" asserts="0">
                <properties>
                  <property name="retryIteration" value="0" />
                  <property name="repeatIteration" value="0" />
                </properties>
              </test-case>
              <test-case id="1055" name="GameHistoryService_Overflow_DiscardsOldestSnapshot" fullname="PixelFlow.Editor.Tests.PixelFlowGameLogicTests.GameHistoryService_Overflow_DiscardsOldestSnapshot" methodname="GameHistoryService_Overflow_DiscardsOldestSnapshot" classname="PixelFlow.Editor.Tests.PixelFlowGameLogicTests" runstate="Runnable" seed="894331331" result="Failed" start-time="2026-07-03 12:46:41Z" end-time="2026-07-03 12:46:41Z" duration="0.004018" asserts="0">
                <properties>
                  <property name="retryIteration" value="0" />
                  <property name="repeatIteration" value="0" />
                </properties>
                <failure>
                  <message><![CDATA[Unhandled log message: '[Error] [Nexus] Command LoadLevelCommand failed: Dependency of type PixelFlow.Models.ITutorialModel is not registered.
  at Nexus.Core.NexusDI.Resolve (System.Type type) [0x00193] in .\GameContainer\Nexus\Packages\com.nexus.core\Runtime\Core\NexusDI.cs:348 
  at Nexus.Core.NexusDI.Inject (System.Object instance) [0x00089] in .\GameContainer\Nexus\Packages\com.nexus.core\Runtime\Core\NexusDI.cs:391 
  at Nexus.Core.NexusDI.Resolve (System.Type type) [0x00130] in .\GameContainer\Nexus\Packages\com.nexus.core\Runtime\Core\NexusDI.cs:324 
  at Nexus.Core.NexusDI.Inject (System.Object instance) [0x00089] in .\GameContainer\Nexus\Packages\com.nexus.core\Runtime\Core\NexusDI.cs:391 
  at Nexus.Core.NexusDI.Resolve (System.Type type) [0x00156] in .\GameContainer\Nexus\Packages\com.nexus.core\Runtime\Core\NexusDI.cs:330 
  at Nexus.Core.CommandPoolManager+<>c__DisplayClass5_0.<GetCommand>b__1 () [0x00000] in .\GameContainer\Nexus\Packages\com.nexus.core\Runtime\Core\CommandPool.cs:140 
  at Nexus.Core.CommandPool..ctor (System.Type commandType, System.Func`1[TResult] factory, System.Int32 initialSize, System.Int32 maxSize) [0x00036] in .\GameContainer\Nexus\Packages\com.nexus.core\Runtime\Core\CommandPool.cs:38 
  at Nexus.Core.CommandPoolManager.<GetCommand>b__5_0 (System.Type type) [0x00014] in .\GameContainer\Nexus\Packages\com.nexus.core\Runtime\Core\CommandPool.cs:140 
  at System.Collections.Concurrent.ConcurrentDictionary`2[TKey,TValue].GetOrAdd (TKey key, System.Func`2[T,TResult] valueFactory) [0x00034] in <816f70bc2a9c4332b0bd119906a8d40e>:0 
  at Nexus.Core.CommandPoolManager.GetCommand (System.Type commandType) [0x00000] in .\GameContainer\Nexus\Packages\com.nexus.core\Runtime\Core\CommandPool.cs:139 
  at Nexus.Core.SignalBus.ExecuteCommand[TSignal] (Nexus.Core.CommandHandlerInfo handler, TSignal signal) [0x0006d] in .\GameContainer\Nexus\Packages\com.nexus.core\Runtime\Core\SignalBus.cs:801 '. Use UnityEngine.TestTools.LogAssert.Expect]]></message>
                  <stack-trace><![CDATA[Nexus.Core.SignalBus:HandleCommandErrorWithDecision (System.Exception,System.Type,object,int&) (at ./GameContainer/Nexus/Packages/com.nexus.core/Runtime/Core/SignalBus.cs:1333)
Nexus.Core.SignalBus:ExecuteCommand<PixelFlow.Signals.LoadLevelSignal> (Nexus.Core.CommandHandlerInfo,PixelFlow.Signals.LoadLevelSignal) (at ./GameContainer/Nexus/Packages/com.nexus.core/Runtime/Core/SignalBus.cs:822)
Nexus.Core.SignalBus:FireInternal<PixelFlow.Signals.LoadLevelSignal> (PixelFlow.Signals.LoadLevelSignal,bool) (at ./GameContainer/Nexus/Packages/com.nexus.core/Runtime/Core/SignalBus.cs:559)
Nexus.Core.SignalBus:Fire<PixelFlow.Signals.LoadLevelSignal> (PixelFlow.Signals.LoadLevelSignal) (at ./GameContainer/Nexus/Packages/com.nexus.core/Runtime/Core/SignalBus.cs:301)
Nexus.Core.NexusTestContext:Dispatch<PixelFlow.Signals.LoadLevelSignal> (PixelFlow.Signals.LoadLevelSignal) (at ./GameContainer/Nexus/Packages/com.nexus.core/Runtime/Testing/NexusTestContext.cs:190)
PixelFlow.Editor.Tests.PixelFlowGameLogicTests:GameHistoryService_Overflow_DiscardsOldestSnapshot () (at Assets/Scripts/PixelFlow/Editor/Tests/PixelFlowGameLogicTests.cs:1301)
System.Reflection.MethodBase:Invoke (object,object[])
[...]
                  <property name="repeatIteration" value="0" />
                </properties>
                <failure>
                  <message><![CDATA[Unhandled log message: '[Error] [Nexus] Command LoadLevelCommand failed: Dependency of type PixelFlow.Models.ITutorialModel is not registered.
  at Nexus.Core.NexusDI.Resolve (System.Type type) [0x00193] in .\GameContainer\Nexus\Packages\com.nexus.core\Runtime\Core\NexusDI.cs:348 
  at Nexus.Core.NexusDI.Inject (System.Object instance) [0x00089] in .\GameContainer\Nexus\Packages\com.nexus.core\Runtime\Core\NexusDI.cs:391 
  at Nexus.Core.NexusDI.Resolve (System.Type type) [0x00130] in .\GameContainer\Nexus\Packages\com.nexus.core\Runtime\Core\NexusDI.cs:324 
  at Nexus.Core.NexusDI.Inject (System.Object instance) [0x00089] in .\GameContainer\Nexus\Packages\com.nexus.core\Runtime\Core\NexusDI.cs:391 
  at Nexus.Core.NexusDI.Resolve (System.Type type) [0x00156] in .\GameContainer\Nexus\Packages\com.nexus.core\Runtime\Core\NexusDI.cs:330 
  at Nexus.Core.CommandPoolManager+<>c__DisplayClass5_0.<GetCommand>b__1 () [0x00000] in .\GameContainer\Nexus\Packages\com.nexus.core\Runtime\Core\CommandPool.cs:140 
  at Nexus.Core.CommandPool..ctor (System.Type commandType, System.Func`1[TResult] factory, System.Int32 initialSize, System.Int32 maxSize) [0x00036] in .\GameContainer\Nexus\Packages\com.nexus.core\Runtime\Core\CommandPool.cs:38 
  at Nexus.Core.CommandPoolManager.<GetCommand>b__5_0 (System.Type type) [0x00014] in .\GameContainer\Nexus\Packages\com.nexus.core\Runtime\Core\CommandPool.cs:140 
  at System.Collections.Concurrent.ConcurrentDictionary`2[TKey,TValue].GetOrAdd (TKey key, System.Func`2[T,TResult] valueFactory) [0x00034] in <816f70bc2a9c4332b0bd119906a8d40e>:0 
  at Nexus.Core.CommandPoolManager.GetCommand (System.Type commandType) [0x00000] in .\GameContainer\Nexus\Packages\com.nexus.core\Runtime\Core\CommandPool.cs:139 
  at Nexus.Core.SignalBus.ExecuteCommand[TSignal] (Nexus.Core.CommandHandlerInfo handler, TSignal signal) [0x0006d] in .\GameContainer\Nexus\Packages\com.nexus.core\Runtime\Core\SignalBus.cs:801 '. Use UnityEngine.TestTools.LogAssert.Expect]]></message>
                  <stack-trace><![CDATA[Nexus.Core.SignalBus:HandleCommandErrorWithDecision (System.Exception,System.Type,object,int&) (at ./GameContainer/Nexus/Packages/com.nexus.core/Runtime/Core/SignalBus.cs:1333)
Nexus.Core.SignalBus:ExecuteCommand<PixelFlow.Signals.LoadLevelSignal> (Nexus.Core.CommandHandlerInfo,PixelFlow.Signals.LoadLevelSignal) (at ./GameContainer/Nexus/Packages/com.nexus.core/Runtime/Core/SignalBus.cs:822)
Nexus.Core.SignalBus:FireInternal<PixelFlow.Signals.LoadLevelSignal> (PixelFlow.Signals.LoadLevelSignal,bool) (at ./GameContainer/Nexus/Packages/com.nexus.core/Runtime/Core/SignalBus.cs:559)
Nexus.Core.SignalBus:Fire<PixelFlow.Signals.LoadLevelSignal> (PixelFlow.Signals.LoadLevelSignal) (at ./GameContainer/Nexus/Packages/com.nexus.core/Runtime/Core/SignalBus.cs:301)
Nexus.Core.NexusTestContext:Dispatch<PixelFlow.Signals.LoadLevelSignal> (PixelFlow.Signals.LoadLevelSignal) (at ./GameContainer/Nexus/Packages/com.nexus.core/Runtime/Testing/NexusTestContext.cs:190)
PixelFlow.PlayMode.Tests.PixelFlowPlayModeTests:TimerCommand_AccumulatesRealDeltaTime_WhenPlaying () (at Assets/Scripts/PixelFlow/Tests/PlayMode/PixelFlowPlayModeTests.cs:222)
System.Reflection.MethodBase:Invoke (object,object[])
NUnit.Framework.Internal.Reflect:InvokeMethod (System.Reflection.MethodInfo,object,object[])
NUnit.Framework.Internal.MethodWrapper:Invoke (object,object[])
NUnit.Framework.Internal.Commands.TestMethodCommand:RunNonAsyncTestMethod (NUnit.Framework.Internal.ITestExecutionContext)
NUnit.Framework.Internal.Commands.TestMethodCommand:RunTestMethod (NUnit.Framework.Internal.ITestExecutionContext)
NUnit.Framework.Internal.Commands.TestMethodCommand:Execute (NUnit.Framework.Internal.ITestExecutionContext)
UnityEngine.SetupCoroutine:InvokeMoveNext (System.Collections.IEnumerator,intptr)

]]></stack-trace>
                </failure>
                <output><![CDATA[[Nexus] Command LoadLevelCommand failed: Dependency of type PixelFlow.Models.ITutorialModel is not registered.
  at Nexus.Core.NexusDI.Resolve (System.Type type) [0x00193] in .\GameContainer\Nexus\Packages\com.nexus.core\Runtime\Core\NexusDI.cs:348 
  at Nexus.Core.NexusDI.Inject (System.Object instance) [0x00089] in .\GameContainer\Nexus\Packages\com.nexus.core\Runtime\Core\NexusDI.cs:391 
  at Nexus.Core.NexusDI.Resolve (System.Type type) [0x00130] in .\GameContainer\Nexus\Packages\com.nexus.core\Runtime\Core\NexusDI.cs:324 
  at Nexus.Core.NexusDI.Inject (System.Object instance) [0x00089] in .\GameContainer\Nexus\Packages\com.nexus.core\Runtime\Core\NexusDI.cs:391 
  at Nexus.Core.NexusDI.Resolve (System.Type type) [0x00156] in .\GameContainer\Nexus\Packages\com.nexus.core\Runtime\Core\NexusDI.cs:330 
  at Nexus.Core.CommandPoolManager+<>c__DisplayClass5_0.<GetCommand>b__1 () [0x00000] in .\GameContainer\Nexus\Packages\com.nexus.core\Runtime\Core\CommandPool.cs:140 
  at Nexus.Core.CommandPool..ctor (System.Type commandType, System.Func`1[TResult] factory, System.Int32 initialSize, System.Int32 maxSize) [0x00036] in .\GameContainer\Nexus\Packages\com.nexus.core\Runtime\Core\CommandPool.cs:38 
  at Nexus.Core.CommandPoolManager.<GetCommand>b__5_0 (System.Type type) [0x00014] in .\GameContainer\Nexus\Packages\com.nexus.core\Runtime\Core\CommandPool.cs:140 
  at System.Collections.Concurrent.ConcurrentDictionary`2[TKey,TValue].GetOrAdd (TKey key, System.Func`2[T,TResult] valueFactory) [0x00034] in <816f70bc2a9c4332b0bd119906a8d40e>:0 
  at Nexus.Core.CommandPoolManager.GetCommand (System.Type commandType) [0x00000] in .\GameContainer\Nexus\Packages\com.nexus.core\Runtime\Core\CommandPool.cs:139 
  at Nexus.Core.SignalBus.ExecuteCommand[TSignal] (Nexus.Core.CommandHandlerInfo handler, TSignal signal) [0x0006d] in .\GameContainer\Nexus\Packages\com.nexus.core\Runtime\Core\SignalBus.cs:801 
[Nexus] Command LoadLevelCommand failed (attempt 1/3). Retrying...
Dependency of type PixelFlow.Models.ITutorialModel is not registered.
[LoadLevelCommand] Loading level:  (5x5)
]]></output>
              </test-case>
              <test-case id="1085" name="TimerCommand_IgnoresTicks_WhenNotPlaying" fullname="PixelFlow.PlayMode.Tests.PixelFlowPlayModeTests.TimerCommand_IgnoresTicks_WhenNotPlaying" methodname="TimerCommand_IgnoresTicks_WhenNotPlaying" classname="PixelFlow.PlayMode.Tests.PixelFlowPlayModeTests" runstate="Runnable" seed="1562615362" result="Failed" start-time="2026-07-03 12:46:45Z" end-time="2026-07-03 12:46:45Z" duration="0.002303" asserts="0">
                <properties>
                  <property name="retryIteration" value="0" />
                  <property name="repeatIteration" value="0" />
                </properties>
                <failure>
                  <message><![CDATA[Unhandled log message: '[Error] [Nexus] Command LoadLevelCommand failed: Dependency of type PixelFlow.Models.ITutorialModel is not registered.
  at Nexus.Core.NexusDI.Resolve (System.Type type) [0x00193] in .\GameContainer\Nexus\Packages\com.nexus.core\Runtime\Core\NexusDI.cs:348 
  at Nexus.Core.NexusDI.Inject (System.Object instance) [0x00089] in .\GameContainer\Nexus\Packages\com.nexus.core\Runtime\Core\NexusDI.cs:391 
  at Nexus.Core.NexusDI.Resolve (System.Type type) [0x00130] in .\GameContainer\Nexus\Packages\com.nexus.core\Runtime\Core\NexusDI.cs:324 
  at Nexus.Core.NexusDI.Inject (System.Object instance) [0x00089] in .\GameContainer\Nexus\Packages\com.nexus.core\Runtime\Core\NexusDI.cs:391 
  at Nexus.Core.NexusDI.Resolve (System.Type type) [0x00156] in .\GameContainer\Nexus\Packages\com.nexus.core\Runtime\Core\NexusDI.cs:330 
  at Nexus.Core.CommandPoolManager+<>c__DisplayClass5_0.<GetCommand>b__1 () [0x00000] in .\GameContainer\Nexus\Packages\com.nexus.core\Runtime\Core\CommandPool.cs:140 
  at Nexus.Core.CommandPool..ctor (System.Type commandType, System.Func`1[TResult] factory, System.Int32 initialSize, System.Int32 maxSize) [0x00036] in .\GameContainer\Nexus\Packages\com.nexus.core\Runtime\Core\CommandPool.cs:38 
  at Nexus.Core.CommandPoolManager.<GetCommand>b__5_0 (System.Type type) [0x00014] in .\GameContainer\Nexus\Packages\com.nexus.core\Runtime\Core\CommandPool.cs:140 
  at System.Collections.Concurrent.ConcurrentDictionary`2[TKey,TValue].GetOrAdd (TKey key, System.Func`2[T,TResult] valueFactory) [0x00034] in <816f70bc2a9c4332b0bd119906a8d40e>:0 
  at Nexus.Core.CommandPoolManager.GetCommand (System.Type commandType) [0x00000] in .\GameContainer\Nexus\Packages\com.nexus.core\Runtime\Core\CommandPool.cs:139 
  at Nexus.Core.SignalBus.ExecuteCommand[TSignal] (Nexus.Core.CommandHandlerInfo handler, TSignal signal) [0x0006d] in .\GameContainer\Nexus\Packages\com.nexus.core\Runtime\Core\SignalBus.cs:801 '. Use UnityEngine.TestTools.LogAssert.Expect]]></message>
                  <stack-trace><![CDATA[Nexus.Core.SignalBus:HandleCommandErrorWithDecision (System.Exception,System.Type,object,int&) (at ./GameContainer/Nexus/Packages/com.nexus.core/Runtime/Core/SignalBus.cs:1333)
Nexus.Core.SignalBus:ExecuteCommand<PixelFlow.Signals.LoadLevelSignal> (Nexus.Core.CommandHandlerInfo,PixelFlow.Signals.LoadLevelSignal) (at ./GameContainer/Nexus/Packages/com.nexus.core/Runtime/Core/SignalBus.cs:822)
Nexus.Core.SignalBus:FireInternal<PixelFlow.Signals.LoadLevelSignal> (PixelFlow.Signals.LoadLevelSignal,bool) (at ./GameContainer/Nexus/Packages/com.nexus.core/Runtime/Core/SignalBus.cs:559)
Nexus.Core.SignalBus:Fire<PixelFlow.Signals.LoadLevelSignal> (PixelFlow.Signals.LoadLevelSignal) (at ./GameContainer/Nexus/Packages/com.nexus.core/Runtime/Core/SignalBus.cs:301)
Nexus.Core.NexusTestContext:Dispatch<PixelFlow.Signals.LoadLevelSignal> (PixelFlow.Signals.LoadLevelSignal) (at ./GameContainer/Nexus/Packages/com.nexus.core/Runtime/Testing/NexusTestContext.cs:190)
PixelFlow.PlayMode.Tests.PixelFlowPlayModeTests:TimerCommand_IgnoresTicks_WhenNotPlaying () (at Assets/Scripts/PixelFlow/Tests/PlayMode/PixelFlowPlayModeTests.cs:249)
System.Reflection.MethodBase:Invoke (object,object[])
NUnit.Framework.Internal.Reflect:InvokeMethod (System.Reflection.MethodInfo,object,object[])
NUnit.Framework.Internal.MethodWrapper:Invoke (object,object[])
NUnit.Framework.Internal.Commands.TestMethodCommand:RunNonAsyncTestMethod (NUnit.Framework.Internal.ITestExecutionContext)
NUnit.Framework.Internal.Commands.TestMethodCommand:RunTestMethod (NUnit.Framework.Internal.ITestExecutionContext)
NUnit.Framework.Internal.Commands.TestMethodCommand:Execute (NUnit.Framework.Internal.ITestExecutionContext)
UnityEngine.SetupCoroutine:InvokeMoveNext (System.Collections.IEnumerator,intptr)

]]></stack-trace>
                </failure>
                <output><![CDATA[[Nexus] Command LoadLevelCommand failed: Dependency of type PixelFlow.Models.ITutorialModel is not registered.
  at Nexus.Core.NexusDI.Resolve (System.Type type) [0x00193] in .\GameContainer\Nexus\Packages\com.nexus.core\Runtime\Core\NexusDI.cs:348 
  at Nexus.Core.NexusDI.Inject (System.Object instance) [0x00089] in .\GameContainer\Nexus\Packages\com.nexus.core\Runtime\Core\NexusDI.cs:391 
  at Nexus.Core.NexusDI.Resolve (System.Type type) [0x00130] in .\GameContainer\Nexus\Packages\com.nexus.core\Runtime\Core\NexusDI.cs:324 
  at Nexus.Core.NexusDI.Inject (System.Object instance) [0x00089] in .\GameContainer\Nexus\Packages\com.nexus.core\Runtime\Core\NexusDI.cs:391 
  at Nexus.Core.NexusDI.Resolve (System.Type type) [0x00156] in .\GameContainer\Nexus\Packages\com.nexus.core\Runtime\Core\NexusDI.cs:330 
  at Nexus.Core.CommandPoolManager+<>c__DisplayClass5_0.<GetCommand>b__1 () [0x00000] in .\GameContainer\Nexus\Packages\com.nexus.core\Runtime\Core\CommandPool.cs:140 
  at Nexus.Core.CommandPool..ctor (System.Type commandType, System.Func`1[TResult] factory, System.Int32 initialSize, System.Int32 maxSize) [0x00036] in .\GameContainer\Nexus\Packages\com.nexus.core\Runtime\Core\CommandPool.cs:38 
  at Nexus.Core.CommandPoolManager.<GetCommand>b__5_0 (System.Type type) [0x00014] in .\GameContainer\Nexus\Packages\com.nexus.core\Runtime\Core\CommandPool.cs:140 
  at System.Collections.Concurrent.ConcurrentDictionary`2[TKey,TValue].GetOrAdd (TKey key, System.Func`2[T,TResult] valueFactory) [0x00034] in <816f70bc2a9c4332b0bd119906a8d40e>:0 
  at Nexus.Core.CommandPoolManager.GetCommand (System.Type commandType) [0x00000] in .\GameContainer\Nexus\Packages\com.nexus.core\Runtime\Core\CommandPool.cs:139 
  at Nexus.Core.SignalBus.ExecuteCommand[TSignal] (Nexus.Core.CommandHandlerInfo handler, TSignal signal) [0x0006d] in .\GameContainer\Nexus\Packages\com.nexus.core\Runtime\Core\SignalBus.cs:801 
[Nexus] Command LoadLevelCommand failed (attempt 1/3). Retrying...
Dependency of type PixelFlow.Models.ITutorialModel is not registered.
[LoadLevelCommand] Loading level:  (5x5)
]]></output>
              </test-case>
              <test-case id="1091" name="Undo_RestoresGridState_ToPreDragSnapshot" fullname="PixelFlow.PlayMode.Tests.PixelFlowPlayModeTests.Undo_RestoresGridState_ToPreDragSnapshot" methodname="Undo_RestoresGridState_ToPreDragSnapshot" classname="PixelFlow.PlayMode.Tests.PixelFlowPlayModeTests" runstate="Runnable" seed="1389952002" result="Failed" start-time="2026-07-03 12:46:45Z" end-time="2026-07-03 12:46:45Z" duration="0.003704" asserts="0">
                <properties>
                  <property name="retryIteration" value="0" />
                  <property name="repeatIteration" value="0" />
                </properties>
                <failure>
                  <message><![CDATA[Unhandled log message: '[Error] [Nexus] Command LoadLevelCommand failed: Dependency of type PixelFlow.Models.ITutorialModel is not registered.
  at Nexus.Core.NexusDI.Resolve (System.Type type) [0x00193] in .\GameContainer\Nexus\Packages\com.nexus.core\Runtime\Core\NexusDI.cs:348 
  at Nexus.Core.NexusDI.Inject (System.Object instance) [0x00089] in .\GameContainer\Nexus\Packages\com.nexus.core\Runtime\Core\NexusDI.cs:391 
  at Nexus.Core.NexusDI.Resolve (System.Type type) [0x00130] in .\GameContainer\Nexus\Packages\com.nexus.core\Runtime\Core\NexusDI.cs:324 
  at Nexus.Core.NexusDI.Inject (System.Object instance) [0x00089] in .\GameContainer\Nexus\Packages\com.nexus.core\Runtime\Core\NexusDI.cs:391 
  at Nexus.Core.NexusDI.Resolve (System.Type type) [0x00156] in .\GameContainer\Nexus\Packages\com.nexus.core\Runtime\Core\NexusDI.cs:330 
  at Nexus.Core.CommandPoolManager+<>c__DisplayClass5_0.<GetCommand>b__1 () [0x00000] in .\GameContainer\Nexus\Packages\com.nexus.core\Runtime\Core\CommandPool.cs:140 
  at Nexus.Core.CommandPool..ctor (System.Type commandType, System.Func`1[TResult] factory, System.Int32 initialSize, System.Int32 maxSize) [0x00036] in .\GameContainer\Nexus\Packages\com.nexus.core\Runtime\Core\CommandPool.cs:38 
  at Nexus.Core.CommandPoolManager.<GetCommand>b__5_0 (System.Type type) [0x00014] in .\GameContainer\Nexus\Packages\com.nexus.core\Runtime\Core\CommandPool.cs:140 
  at System.Collections.Concurrent.ConcurrentDictionary`2[TKey,TValue].GetOrAdd (TKey key, System.Func`2[T,TResult] valueFactory) [0x00034] in <816f70bc2a9c4332b0bd119906a8d40e>:0 
  at Nexus.Core.CommandPoolManager.GetCommand (System.Type commandType) [0x00000] in .\GameContainer\Nexus\Packages\com.nexus.core\Runtime\Core\CommandPool.cs:139 
  at Nexus.Core.SignalBus.ExecuteCommand[TSignal] (Nexus.Core.CommandHandlerInfo handler, TSignal signal) [0x0006d] in .\GameContainer\Nexus\Packages\com.nexus.core\Runtime\Core\SignalBus.cs:801 '. Use UnityEngine.TestTools.LogAssert.Expect]]></message>
                  <stack-trace><![CDATA[Nexus.Core.SignalBus:HandleCommandErrorWithDecision (System.Exception,System.Type,object,int&) (at ./GameContainer/Nexus/Packages/com.nexus.core/Runtime/Core/SignalBus.cs:1333)
Nexus.Core.SignalBus:ExecuteCommand<PixelFlow.Signals.LoadLevelSignal> (Nexus.Core.CommandHandlerInfo,PixelFlow.Signals.LoadLevelSignal) (at ./GameContainer/Nexus/Packages/com.nexus.core/Runtime/Core/SignalBus.cs:822)
Nexus.Core.SignalBus:FireInternal<PixelFlow.Signals.LoadLevelSignal> (PixelFlow.Signals.LoadLevelSignal,bool) (at ./GameContainer/Nexus/Packages/com.nexus.core/Runtime/Core/SignalBus.cs:559)
Nexus.Core.SignalBus:Fire<PixelFlow.Signals.LoadLevelSignal> (PixelFlow.Signals.LoadLevelSignal) (at ./GameContainer/Nexus/Packages/com.nexus.core/Runtime/Core/SignalBus.cs:301)
Nexus.Core.NexusTestContext:Dispatch<PixelFlow.Signals.LoadLevelSignal> (PixelFlow.Signals.LoadLevelSignal) (at ./GameContainer/Nexus/Packages/com.nexus.core/Runtime/Testing/NexusTestContext.cs:190)
PixelFlow.PlayMode.Tests.PixelFlowPlayModeTests:Undo_RestoresGridState_ToPreDragSnapshot () (at Assets/Scripts/PixelFlow/Tests/PlayMode/PixelFlowPlayModeTests.cs:447)
System.Reflection.MethodBase:Invoke (object,object[])
NUnit.Framework.Internal.Reflect:InvokeMethod (System.Reflection.MethodInfo,object,object[])
NUnit.Framework.Internal.MethodWrapper:Invoke (object,object[])
NUnit.Framework.Internal.Commands.TestMethodCommand:RunNonAsyncTestMethod (NUnit.Framework.Internal.ITestExecutionContext)
NUnit.Framework.Internal.Commands.TestMethodCommand:RunTestMethod (NUnit.Framework.Internal.ITestExecutionContext)
NUnit.Framework.Internal.Commands.TestMethodCommand:Execute (NUnit.Framework.Internal.ITestExecutionContext)
UnityEngine.SetupCoroutine:InvokeMoveNext (System.Collections.IEnumerator,intptr)

]]></stack-trace>
                </failure>
                <output><![CDATA[[Nexus] Command LoadLevelCommand failed: Dependency of type PixelFlow.Models.ITutorialModel is not registered.
  at Nexus.Core.NexusDI.Resolve (System.Type type) [0x00193] in .\GameContainer\Nexus\Packages\com.nexus.core\Runtime\Core\NexusDI.cs:348 
  at Nexus.Core.NexusDI.Inject (System.Object instance) [0x00089] in .\GameContainer\Nexus\Packages\com.nexus.core\Runtime\Core\NexusDI.cs:391 
  at Nexus.Core.NexusDI.Resolve (System.Type type) [0x00130] in .\GameContainer\Nexus\Packages\com.nexus.core\Runtime\Core\NexusDI.cs:324 
  at Nexus.Core.NexusDI.Inject (System.Object instance) [0x00089] in .\GameContainer\Nexus\Packages\com.nexus.core\Runtime\Core\NexusDI.cs:391 
  at Nexus.Core.NexusDI.Resolve (System.Type type) [0x00156] in .\GameContainer\Nexus\Packages\com.nexus.core\Runtime\Core\NexusDI.cs:330 
  at Nexus.Core.CommandPoolManager+<>c__DisplayClass5_0.<GetCommand>b__1 () [0x00000] in .\GameContainer\Nexus\Packages\com.nexus.core\Runtime\Core\CommandPool.cs:140 
  at Nexus.Core.CommandPool..ctor (System.Type commandType, System.Func`1[TResult] factory, System.Int32 initialSize, System.Int32 maxSize) [0x00036] in .\GameContainer\Nexus\Packages\com.nexus.core\Runtime\Core\CommandPool.cs:38 
  at Nexus.Core.CommandPoolManager.<GetCommand>b__5_0 (System.Type type) [0x00014] in .\GameContainer\Nexus\Packages\com.nexus.core\Runtime\Core\CommandPool.cs:140 
  at System.Collections.Concurrent.ConcurrentDictionary`2[TKey,TValue].GetOrAdd (TKey key, System.Func`2[T,TResult] valueFactory) [0x00034] in <816f70bc2a9c4332b0bd119906a8d40e>:0 
  at Nexus.Core.CommandPoolManager.GetCommand (System.Type commandType) [0x00000] in .\GameContainer\Nexus\Packages\com.nexus.core\Runtime\Core\CommandPool.cs:139 
  at Nexus.Core.SignalBus.ExecuteCommand[TSignal] (Nexus.Core.CommandHandlerInfo handler, TSignal signal) [0x0006d] in .\GameContainer\Nexus\Packages\com.nexus.core\Runtime\Core\SignalBus.cs:801 
[Nexus] Command LoadLevelCommand failed (attempt 1/3). Retrying...
Dependency of type PixelFlow.Models.ITutorialModel is not registered.
[LoadLevelCommand] Loading level:  (5x5)
[HapticService] Light
[HapticService] Light
Saving results to: C:/Users/wwwla/AppData/LocalLow/DefaultCompany/Pixel-Flow-Clone\TestResults.xml
]]></output>
              </test-case>
            </test-suite>
          </test-suite>
        </test-suite>
      </test-suite>
    </test-suite>
  </test-suite>
</test-run>